yarn run v1.22.19
$ ts-node ./scheduler/product_price_update
------------------------------------ start ----------------------------------------
[34m       Sub[0m add - coupang store 로켓배송
[35m[storeList][0m []
[32m      Pass[0m [1/100] no cheapStore.data, cheapStore={"low_price":null,"index":null,"data":null} storeList.length=0 product_id:4736 url=https://msearch.shopping.naver.com/catalog/29843308618
[34m       Sub[0m complete - product_price write history
[34m       Sub[0m complete - low price of month was written
[34m timestamp[0m   4736 2023-05-19T14:39:28.483Z
------------------------------------ end ----------------------------------------
------------------------------------ start ----------------------------------------
[34m       Sub[0m add - coupang store 로켓배송
[34m       Sub[0m add - coupang store 로켓배송
[35m[storeList][0m []
[32m      Pass[0m [2/100] no cheapStore.data, cheapStore={"low_price":null,"index":null,"data":null} storeList.length=0 product_id:8457 url=https://msearch.shopping.naver.com/catalog/27092929525
[34m       Sub[0m complete - product_price write history
[34m       Sub[0m complete - low price of month was written
[34m timestamp[0m   8457 2023-05-19T14:39:31.116Z
------------------------------------ end ----------------------------------------
------------------------------------ start ----------------------------------------
[34m       Sub[0m add - coupang store 로켓배송
[34m       Sub[0m add - coupang store 로켓배송
[35m[storeList][0m []
[32m      Pass[0m [3/100] no cheapStore.data, cheapStore={"low_price":null,"index":null,"data":null} storeList.length=0 product_id:7036 url=https://msearch.shopping.naver.com/catalog/30688227619
[34m       Sub[0m complete - product_price write history
[34m       Sub[0m complete - low price of month was written
[34m timestamp[0m   7036 2023-05-19T14:39:37.984Z
------------------------------------ end ----------------------------------------
------------------------------------ start ----------------------------------------
[34m       Sub[0m add - coupang store 로켓배송
[35m[storeList][0m []
[32m      Pass[0m [4/100] no cheapStore.data, cheapStore={"low_price":null,"index":null,"data":null} storeList.length=0 product_id:9907 url=https://msearch.shopping.naver.com/catalog/38119474618
[34m       Sub[0m complete - product_price write history
[34m       Sub[0m complete - low price of month was written
[34m timestamp[0m   9907 2023-05-19T14:39:40.802Z
------------------------------------ end ----------------------------------------
------------------------------------ start ----------------------------------------
[34m       Sub[0m add - coupang store 로켓배송
[34m       Sub[0m add - coupang store 로켓배송
[35m[storeList][0m []
[32m      Pass[0m [5/100] no cheapStore.data, cheapStore={"low_price":null,"index":null,"data":null} storeList.length=0 product_id:8098 url=https://msearch.shopping.naver.com/catalog/27984333522
[34m       Sub[0m complete - product_price write history
[34m       Sub[0m complete - low price of month was written
[34m timestamp[0m   8098 2023-05-19T14:39:43.516Z
------------------------------------ end ----------------------------------------
------------------------------------ start ----------------------------------------
[35m[블랙리스트 회사] PASS (naver)[0m 위메프
[35m[storeList][0m []
[32m      Pass[0m [6/100] no cheapStore.data, cheapStore={"low_price":null,"index":null,"data":null} storeList.length=0 product_id:10835 url=https://msearch.shopping.naver.com/catalog/24428938522
[34m       Sub[0m complete - product_price write history
[34m       Sub[0m complete - low price of month was written
[34m timestamp[0m  10835 2023-05-19T14:39:46.292Z
------------------------------------ end ----------------------------------------
------------------------------------ start ----------------------------------------
[35m[storeList][0m []
[32m      Pass[0m [7/100] no cheapStore.data, cheapStore={"low_price":null,"index":null,"data":null} storeList.length=0 product_id:214 url=https://msearch.shopping.naver.com/catalog/33800555619
[34m       Sub[0m complete - product_price write history
[34m       Sub[0m complete - low price of month was written
[34m timestamp[0m    214 2023-05-19T14:39:48.893Z
------------------------------------ end ----------------------------------------
------------------------------------ start ----------------------------------------
[35m[storeList][0m []
[32m      Pass[0m [8/100] no cheapStore.data, cheapStore={"low_price":null,"index":null,"data":null} storeList.length=0 product_id:34065 url=https://msearch.shopping.naver.com/catalog/20812598415
[34m       Sub[0m complete - product_price write history
[34m       Sub[0m complete - low price of month was written
[34m timestamp[0m  34065 2023-05-19T14:39:51.738Z
------------------------------------ end ----------------------------------------
------------------------------------ start ----------------------------------------
[34m       Sub[0m add - coupang store 로켓배송
[35m[storeList][0m []
[32m      Pass[0m [9/100] no cheapStore.data, cheapStore={"low_price":null,"index":null,"data":null} storeList.length=0 product_id:40852 url=https://msearch.shopping.naver.com/catalog/19315285636
[34m       Sub[0m complete - product_price write history
[34m       Sub[0m complete - low price of month was written
[34m timestamp[0m  40852 2023-05-19T14:39:54.167Z
------------------------------------ end ----------------------------------------
------------------------------------ start ----------------------------------------
[35m[storeList][0m []
[32m      Pass[0m [10/100] no cheapStore.data, cheapStore={"low_price":null,"index":null,"data":null} storeList.length=0 product_id:8433 url=https://msearch.shopping.naver.com/catalog/34541771619
[34m       Sub[0m complete - product_price write history
[34m       Sub[0m complete - low price of month was written
[34m timestamp[0m   8433 2023-05-19T14:40:00.712Z
------------------------------------ end ----------------------------------------
------------------------------------ start ----------------------------------------
[35m[storeList][0m []
[32m      Pass[0m [11/100] no cheapStore.data, cheapStore={"low_price":null,"index":null,"data":null} storeList.length=0 product_id:30169 url=https://msearch.shopping.naver.com/catalog/20190074425
[34m       Sub[0m complete - product_price write history
[34m       Sub[0m complete - low price of month was written
[34m timestamp[0m  30169 2023-05-19T14:40:03.147Z
------------------------------------ end ----------------------------------------
------------------------------------ start ----------------------------------------
[35m[storeList][0m []
[32m      Pass[0m [12/100] no cheapStore.data, cheapStore={"low_price":null,"index":null,"data":null} storeList.length=0 product_id:9684 url=https://msearch.shopping.naver.com/catalog/27861273522
[34m       Sub[0m complete - product_price write history
[34m       Sub[0m complete - low price of month was written
[34m timestamp[0m   9684 2023-05-19T14:40:05.690Z
------------------------------------ end ----------------------------------------
------------------------------------ start ----------------------------------------
[34m       Sub[0m add - coupang store 로켓배송
[34m       Sub[0m add - coupang store 로켓배송
[35m[storeList][0m []
[32m      Pass[0m [13/100] no cheapStore.data, cheapStore={"low_price":null,"index":null,"data":null} storeList.length=0 product_id:7826 url=https://msearch.shopping.naver.com/catalog/27092678522
[34m       Sub[0m complete - product_price write history
[34m       Sub[0m complete - low price of month was written
[34m timestamp[0m   7826 2023-05-19T14:40:08.500Z
------------------------------------ end ----------------------------------------
------------------------------------ start ----------------------------------------
[35m[storeList][0m []
[32m      Pass[0m [14/100] no cheapStore.data, cheapStore={"low_price":null,"index":null,"data":null} storeList.length=0 product_id:527 url=https://msearch.shopping.naver.com/catalog/32141853618
[34m       Sub[0m complete - product_price write history
[34m       Sub[0m complete - low price of month was written
[34m timestamp[0m    527 2023-05-19T14:40:11.101Z
------------------------------------ end ----------------------------------------
------------------------------------ start ----------------------------------------
[35m[storeList][0m []
[32m      Pass[0m [15/100] no cheapStore.data, cheapStore={"low_price":null,"index":null,"data":null} storeList.length=0 product_id:7896 url=https://msearch.shopping.naver.com/catalog/30690129623
[34m       Sub[0m complete - product_price write history
[34m       Sub[0m complete - low price of month was written
[34m timestamp[0m   7896 2023-05-19T14:40:13.643Z
------------------------------------ end ----------------------------------------
------------------------------------ start ----------------------------------------
[35m[storeList][0m []
[32m      Pass[0m [16/100] no cheapStore.data, cheapStore={"low_price":null,"index":null,"data":null} storeList.length=0 product_id:19737 url=https://msearch.shopping.naver.com/catalog/23604562490
[34m       Sub[0m complete - product_price write history
[34m       Sub[0m complete - low price of month was written
[34m timestamp[0m  19737 2023-05-19T14:40:16.210Z
------------------------------------ end ----------------------------------------
------------------------------------ start ----------------------------------------
[34m       Sub[0m add - coupang store 로켓배송
[34m       Sub[0m add - coupang store 로켓배송
[35m[storeList][0m []
[32m      Pass[0m [17/100] no cheapStore.data, cheapStore={"low_price":null,"index":null,"data":null} storeList.length=0 product_id:5673 url=https://msearch.shopping.naver.com/catalog/29244697618
[34m       Sub[0m complete - product_price write history
[34m       Sub[0m complete - low price of month was written
[34m timestamp[0m   5673 2023-05-19T14:40:18.782Z
------------------------------------ end ----------------------------------------
------------------------------------ start ----------------------------------------
[34m       Sub[0m add - coupang store 로켓배송
[34m       Sub[0m add - coupang store 로켓배송
[35m[storeList][0m []
[32m      Pass[0m [18/100] no cheapStore.data, cheapStore={"low_price":null,"index":null,"data":null} storeList.length=0 product_id:8 url=https://msearch.shopping.naver.com/catalog/25254582525
[34m       Sub[0m complete - product_price write history
[34m       Sub[0m complete - low price of month was written
[34m timestamp[0m      8 2023-05-19T14:40:25.289Z
------------------------------------ end ----------------------------------------
------------------------------------ start ----------------------------------------
[35m[storeList][0m []
[32m      Pass[0m [19/100] no cheapStore.data, cheapStore={"low_price":null,"index":null,"data":null} storeList.length=0 product_id:21262 url=https://msearch.shopping.naver.com/catalog/21260926440
[34m       Sub[0m complete - product_price write history
[34m       Sub[0m complete - low price of month was written
[34m timestamp[0m  21262 2023-05-19T14:40:27.810Z
------------------------------------ end ----------------------------------------
------------------------------------ start ----------------------------------------
[34m       Sub[0m add - coupang store 로켓배송
[34m       Sub[0m add - coupang store 로켓배송
[35m[storeList][0m []
[32m      Pass[0m [20/100] no cheapStore.data, cheapStore={"low_price":null,"index":null,"data":null} storeList.length=0 product_id:12970 url=https://msearch.shopping.naver.com/catalog/23591120490
[34m       Sub[0m complete - product_price write history
[34m       Sub[0m complete - low price of month was written
[34m timestamp[0m  12970 2023-05-19T14:40:30.653Z
------------------------------------ end ----------------------------------------
------------------------------------ start ----------------------------------------
[35m[storeList][0m []
[32m      Pass[0m [21/100] no cheapStore.data, cheapStore={"low_price":null,"index":null,"data":null} storeList.length=0 product_id:8007 url=https://msearch.shopping.naver.com/catalog/27094686522?NaPm=ct%3Dle5617r4%7Cci%3D98c391d41e535d26584b5ea13ccf9abd232d585d%7Ctr%3Dslsl%7Csn%3D95694%7Chk%3D2606189565dca18a8b7b4d1380f86bbfc4b804d6&purchaseConditionSequence=20139161&query=5%EC%9D%BC%EC%97%90%EC%9D%B4%EB%93%9C%ED%81%B4%EB%A0%8C%EC%A6%88%20%EC%B2%AD%ED%8F%AC%EB%8F%84%EB%A7%9B&sort=LOW_PRICE
[34m       Sub[0m complete - product_price write history
[34m       Sub[0m complete - low price of month was written
[34m timestamp[0m   8007 2023-05-19T14:40:33.708Z
------------------------------------ end ----------------------------------------
------------------------------------ start ----------------------------------------
[34m       Sub[0m add - coupang store 로켓배송
[34m       Sub[0m add - coupang store 로켓배송
[35m[storeList][0m []
[32m      Pass[0m [22/100] no cheapStore.data, cheapStore={"low_price":null,"index":null,"data":null} storeList.length=0 product_id:13585 url=https://msearch.shopping.naver.com/catalog/23617079490
[34m       Sub[0m complete - product_price write history
[34m       Sub[0m complete - low price of month was written
[34m timestamp[0m  13585 2023-05-19T14:40:36.580Z
------------------------------------ end ----------------------------------------
------------------------------------ start ----------------------------------------
[35m[storeList][0m []
[32m      Pass[0m [23/100] no cheapStore.data, cheapStore={"low_price":null,"index":null,"data":null} storeList.length=0 product_id:15703 url=https://msearch.shopping.naver.com/catalog/9385124540
[34m       Sub[0m complete - product_price write history
[34m       Sub[0m complete - low price of month was written
[34m timestamp[0m  15703 2023-05-19T14:40:39.404Z
------------------------------------ end ----------------------------------------
------------------------------------ start ----------------------------------------
[35m[storeList][0m []
[32m      Pass[0m [24/100] no cheapStore.data, cheapStore={"low_price":null,"index":null,"data":null} storeList.length=0 product_id:201 url=https://msearch.shopping.naver.com/catalog/25776089422
[34m       Sub[0m complete - product_price write history
[34m       Sub[0m complete - low price of month was written
[34m timestamp[0m    201 2023-05-19T14:40:41.918Z
------------------------------------ end ----------------------------------------
------------------------------------ start ----------------------------------------
[35m[storeList][0m []
[32m      Pass[0m [25/100] no cheapStore.data, cheapStore={"low_price":null,"index":null,"data":null} storeList.length=0 product_id:16 url=https://msearch.shopping.naver.com/catalog/22982972490
[34m       Sub[0m complete - product_price write history
[34m       Sub[0m complete - low price of month was written
[34m timestamp[0m     16 2023-05-19T14:40:44.475Z
------------------------------------ end ----------------------------------------
------------------------------------ start ----------------------------------------
[34m       Sub[0m add - coupang store 로켓배송
[34m       Sub[0m add - coupang store 로켓배송
[35m[storeList][0m []
[32m      Pass[0m [26/100] no cheapStore.data, cheapStore={"low_price":null,"index":null,"data":null} storeList.length=0 product_id:8641 url=https://msearch.shopping.naver.com/catalog/31771625618
[34m       Sub[0m complete - product_price write history
[34m       Sub[0m complete - low price of month was written
[34m timestamp[0m   8641 2023-05-19T14:40:47.202Z
------------------------------------ end ----------------------------------------
------------------------------------ start ----------------------------------------
[35m[storeList][0m []
[32m      Pass[0m [27/100] no cheapStore.data, cheapStore={"low_price":null,"index":null,"data":null} storeList.length=0 product_id:6591 url=https://msearch.shopping.naver.com/catalog/28555189554
[34m       Sub[0m complete - product_price write history
[34m       Sub[0m complete - low price of month was written
[34m timestamp[0m   6591 2023-05-19T14:40:49.702Z
------------------------------------ end ----------------------------------------
------------------------------------ start ----------------------------------------
[35m[storeList][0m []
[32m      Pass[0m [28/100] no cheapStore.data, cheapStore={"low_price":null,"index":null,"data":null} storeList.length=0 product_id:10379 url=https://msearch.shopping.naver.com/catalog/19336642315
[34m       Sub[0m complete - product_price write history
[34m       Sub[0m complete - low price of month was written
[34m timestamp[0m  10379 2023-05-19T14:40:52.289Z
------------------------------------ end ----------------------------------------
------------------------------------ start ----------------------------------------
[34m       Sub[0m add - coupang store 로켓배송
[34m       Sub[0m add - coupang store 로켓배송
[35m[storeList][0m []
[32m      Pass[0m [29/100] no cheapStore.data, cheapStore={"low_price":null,"index":null,"data":null} storeList.length=0 product_id:16397 url=https://msearch.shopping.naver.com/catalog/32847061624
[34m       Sub[0m complete - product_price write history
[34m       Sub[0m complete - low price of month was written
[34m timestamp[0m  16397 2023-05-19T14:40:55.369Z
------------------------------------ end ----------------------------------------
------------------------------------ start ----------------------------------------
[35m[storeList][0m []
[32m      Pass[0m [30/100] no cheapStore.data, cheapStore={"low_price":null,"index":null,"data":null} storeList.length=0 product_id:6480 url=https://msearch.shopping.naver.com/catalog/26938207522
[34m       Sub[0m complete - product_price write history
[34m       Sub[0m complete - low price of month was written
[34m timestamp[0m   6480 2023-05-19T14:40:58.192Z
------------------------------------ end ----------------------------------------
------------------------------------ start ----------------------------------------
[35m[storeList][0m []
[32m      Pass[0m [31/100] no cheapStore.data, cheapStore={"low_price":null,"index":null,"data":null} storeList.length=0 product_id:21939 url=https://msearch.shopping.naver.com/catalog/19412640357
[34m       Sub[0m complete - product_price write history
[34m       Sub[0m complete - low price of month was written
[34m timestamp[0m  21939 2023-05-19T14:41:00.675Z
------------------------------------ end ----------------------------------------
------------------------------------ start ----------------------------------------
[34m       Sub[0m add - coupang store 로켓배송
[34m       Sub[0m add - coupang store 로켓배송
[35m[storeList][0m []
[32m      Pass[0m [32/100] no cheapStore.data, cheapStore={"low_price":null,"index":null,"data":null} storeList.length=0 product_id:31097 url=https://msearch.shopping.naver.com/catalog/19535904589
[34m       Sub[0m complete - product_price write history
[34m       Sub[0m complete - low price of month was written
[34m timestamp[0m  31097 2023-05-19T14:41:07.282Z
------------------------------------ end ----------------------------------------
------------------------------------ start ----------------------------------------
[34m       Sub[0m add - coupang store 로켓배송
[34m       Sub[0m add - coupang store 로켓배송
[35m[storeList][0m []
[32m      Pass[0m [33/100] no cheapStore.data, cheapStore={"low_price":null,"index":null,"data":null} storeList.length=0 product_id:15720 url=https://msearch.shopping.naver.com/catalog/20956863838
[34m       Sub[0m complete - product_price write history
[34m       Sub[0m complete - low price of month was written
[34m timestamp[0m  15720 2023-05-19T14:41:09.951Z
------------------------------------ end ----------------------------------------
------------------------------------ start ----------------------------------------
[35m[storeList][0m []
[32m      Pass[0m [34/100] no cheapStore.data, cheapStore={"low_price":null,"index":null,"data":null} storeList.length=0 product_id:8729 url=https://msearch.shopping.naver.com/catalog/30006361618
[34m       Sub[0m complete - product_price write history
[34m       Sub[0m complete - low price of month was written
[34m timestamp[0m   8729 2023-05-19T14:41:12.712Z
------------------------------------ end ----------------------------------------
------------------------------------ start ----------------------------------------
[34m       Sub[0m add - coupang store 로켓배송
[34m       Sub[0m add - coupang store 로켓배송
[35m[storeList][0m []
[32m      Pass[0m [35/100] no cheapStore.data, cheapStore={"low_price":null,"index":null,"data":null} storeList.length=0 product_id:9862 url=https://msearch.shopping.naver.com/catalog/26529565522
[34m       Sub[0m complete - product_price write history
[34m       Sub[0m complete - low price of month was written
[34m timestamp[0m   9862 2023-05-19T14:41:15.524Z
------------------------------------ end ----------------------------------------
------------------------------------ start ----------------------------------------
[35m[storeList][0m []
[32m      Pass[0m [36/100] no cheapStore.data, cheapStore={"low_price":null,"index":null,"data":null} storeList.length=0 product_id:8601 url=https://msearch.shopping.naver.com/catalog/24785965523
[34m       Sub[0m complete - product_price write history
[34m       Sub[0m complete - low price of month was written
[34m timestamp[0m   8601 2023-05-19T14:41:18.525Z
------------------------------------ end ----------------------------------------
------------------------------------ start ----------------------------------------
[34m       Sub[0m add - coupang store 로켓배송
[34m       Sub[0m add - coupang store 로켓배송
[35m[storeList][0m []
[32m      Pass[0m [37/100] no cheapStore.data, cheapStore={"low_price":null,"index":null,"data":null} storeList.length=0 product_id:3984 url=https://msearch.shopping.naver.com/catalog/35322126618
[34m       Sub[0m complete - product_price write history
[34m       Sub[0m complete - low price of month was written
[34m timestamp[0m   3984 2023-05-19T14:41:21.004Z
------------------------------------ end ----------------------------------------
------------------------------------ start ----------------------------------------
[35m[storeList][0m []
[32m      Pass[0m [38/100] no cheapStore.data, cheapStore={"low_price":null,"index":null,"data":null} storeList.length=0 product_id:1058 url=https://msearch.shopping.naver.com/catalog/26121877522
[34m       Sub[0m complete - product_price write history
[34m       Sub[0m complete - low price of month was written
[34m timestamp[0m   1058 2023-05-19T14:41:23.474Z
------------------------------------ end ----------------------------------------
------------------------------------ start ----------------------------------------
[35m[storeList][0m []
[32m      Pass[0m [39/100] no cheapStore.data, cheapStore={"low_price":null,"index":null,"data":null} storeList.length=0 product_id:680 url=https://msearch.shopping.naver.com/catalog/38382410619
[34m       Sub[0m complete - product_price write history
[34m       Sub[0m complete - low price of month was written
[34m timestamp[0m    680 2023-05-19T14:41:30.790Z
------------------------------------ end ----------------------------------------
------------------------------------ start ----------------------------------------
[34m       Sub[0m add - coupang store 로켓배송
[34m       Sub[0m add - coupang store 로켓배송
[35m[storeList][0m []
[32m      Pass[0m [40/100] no cheapStore.data, cheapStore={"low_price":null,"index":null,"data":null} storeList.length=0 product_id:1048 url=https://msearch.shopping.naver.com/catalog/30676398618
[34m       Sub[0m complete - product_price write history
[34m       Sub[0m complete - low price of month was written
[34m timestamp[0m   1048 2023-05-19T14:41:33.336Z
------------------------------------ end ----------------------------------------
------------------------------------ start ----------------------------------------
[35m[storeList][0m []
[32m      Pass[0m [41/100] no cheapStore.data, cheapStore={"low_price":null,"index":null,"data":null} storeList.length=0 product_id:8002 url=https://msearch.shopping.naver.com/catalog/27408761527
[34m       Sub[0m complete - product_price write history
[34m       Sub[0m complete - low price of month was written
[34m timestamp[0m   8002 2023-05-19T14:41:35.827Z
------------------------------------ end ----------------------------------------
------------------------------------ start ----------------------------------------
[34m       Sub[0m add - coupang store 로켓배송
[35m[storeList][0m []
[32m      Pass[0m [42/100] no cheapStore.data, cheapStore={"low_price":null,"index":null,"data":null} storeList.length=0 product_id:3248 url=https://msearch.shopping.naver.com/catalog/32422093618
[34m       Sub[0m complete - product_price write history
[34m       Sub[0m complete - low price of month was written
[34m timestamp[0m   3248 2023-05-19T14:41:38.290Z
------------------------------------ end ----------------------------------------
------------------------------------ start ----------------------------------------
[34m       Sub[0m add - coupang store 로켓배송
[34m       Sub[0m add - coupang store 로켓배송
[35m[storeList][0m []
[32m      Pass[0m [43/100] no cheapStore.data, cheapStore={"low_price":null,"index":null,"data":null} storeList.length=0 product_id:40458 url=https://msearch.shopping.naver.com/catalog/31909877627
[34m       Sub[0m complete - product_price write history
[34m       Sub[0m complete - low price of month was written
[34m timestamp[0m  40458 2023-05-19T14:41:41.167Z
------------------------------------ end ----------------------------------------
------------------------------------ start ----------------------------------------
[35m[storeList][0m []
[32m      Pass[0m [44/100] no cheapStore.data, cheapStore={"low_price":null,"index":null,"data":null} storeList.length=0 product_id:166 url=https://msearch.shopping.naver.com/catalog/30526307618
[34m       Sub[0m complete - product_price write history
[34m       Sub[0m complete - low price of month was written
[34m timestamp[0m    166 2023-05-19T14:41:43.882Z
------------------------------------ end ----------------------------------------
------------------------------------ start ----------------------------------------
[35m[storeList][0m []
[32m      Pass[0m [45/100] no cheapStore.data, cheapStore={"low_price":null,"index":null,"data":null} storeList.length=0 product_id:13018 url=https://msearch.shopping.naver.com/catalog/12418648562
[34m       Sub[0m complete - product_price write history
[34m       Sub[0m complete - low price of month was written
[34m timestamp[0m  13018 2023-05-19T14:41:46.403Z
------------------------------------ end ----------------------------------------
------------------------------------ start ----------------------------------------
[34m       Sub[0m add - coupang store 로켓배송
[34m       Sub[0m add - coupang store 로켓배송
[35m[storeList][0m []
[32m      Pass[0m [46/100] no cheapStore.data, cheapStore={"low_price":null,"index":null,"data":null} storeList.length=0 product_id:2731 url=https://msearch.shopping.naver.com/catalog/23473034492
[34m       Sub[0m complete - product_price write history
[34m       Sub[0m complete - low price of month was written
[34m timestamp[0m   2731 2023-05-19T14:41:49.077Z
------------------------------------ end ----------------------------------------
------------------------------------ start ----------------------------------------
[35m[storeList][0m []
[32m      Pass[0m [47/100] no cheapStore.data, cheapStore={"low_price":null,"index":null,"data":null} storeList.length=0 product_id:4939 url=https://msearch.shopping.naver.com/catalog/37309873618
[34m       Sub[0m complete - product_price write history
[34m       Sub[0m complete - low price of month was written
[34m timestamp[0m   4939 2023-05-19T14:41:51.882Z
------------------------------------ end ----------------------------------------
------------------------------------ start ----------------------------------------
[35m[storeList][0m []
[32m      Pass[0m [48/100] no cheapStore.data, cheapStore={"low_price":null,"index":null,"data":null} storeList.length=0 product_id:34768 url=https://msearch.shopping.naver.com/catalog/21490272661
[34m       Sub[0m complete - product_price write history
[34m       Sub[0m complete - low price of month was written
[34m timestamp[0m  34768 2023-05-19T14:41:54.344Z
------------------------------------ end ----------------------------------------
------------------------------------ start ----------------------------------------
[34m       Sub[0m add - coupang store 로켓배송
[34m       Sub[0m add - coupang store 로켓배송
[35m[storeList][0m []
[32m      Pass[0m [49/100] no cheapStore.data, cheapStore={"low_price":null,"index":null,"data":null} storeList.length=0 product_id:6466 url=https://msearch.shopping.naver.com/catalog/28942968586
[34m       Sub[0m complete - product_price write history
[34m       Sub[0m complete - low price of month was written
[34m timestamp[0m   6466 2023-05-19T14:41:56.838Z
------------------------------------ end ----------------------------------------
------------------------------------ start ----------------------------------------
[35m[storeList][0m []
[32m      Pass[0m [50/100] no cheapStore.data, cheapStore={"low_price":null,"index":null,"data":null} storeList.length=0 product_id:6634 url=https://msearch.shopping.naver.com/catalog/28419076555
[34m       Sub[0m complete - product_price write history
[34m       Sub[0m complete - low price of month was written
[34m timestamp[0m   6634 2023-05-19T14:42:03.670Z
------------------------------------ end ----------------------------------------
------------------------------------ start ----------------------------------------
[35m[storeList][0m []
[32m      Pass[0m [51/100] no cheapStore.data, cheapStore={"low_price":null,"index":null,"data":null} storeList.length=0 product_id:6482 url=https://msearch.shopping.naver.com/catalog/28373355554
[34m       Sub[0m complete - product_price write history
[34m       Sub[0m complete - low price of month was written
[34m timestamp[0m   6482 2023-05-19T14:42:06.536Z
------------------------------------ end ----------------------------------------
------------------------------------ start ----------------------------------------
[34m       Sub[0m add - coupang store 로켓배송
[34m       Sub[0m add - coupang store 로켓배송
[35m[storeList][0m []
[32m      Pass[0m [52/100] no cheapStore.data, cheapStore={"low_price":null,"index":null,"data":null} storeList.length=0 product_id:9970 url=https://msearch.shopping.naver.com/catalog/29696519619
[34m       Sub[0m complete - product_price write history
[34m       Sub[0m complete - low price of month was written
[34m timestamp[0m   9970 2023-05-19T14:42:13.721Z
------------------------------------ end ----------------------------------------
------------------------------------ start ----------------------------------------
[35m[storeList][0m []
[32m      Pass[0m [53/100] no cheapStore.data, cheapStore={"low_price":null,"index":null,"data":null} storeList.length=0 product_id:8979 url=https://msearch.shopping.naver.com/catalog/26526067524
[34m       Sub[0m complete - product_price write history
[34m       Sub[0m complete - low price of month was written
[34m timestamp[0m   8979 2023-05-19T14:42:19.649Z
------------------------------------ end ----------------------------------------
------------------------------------ start ----------------------------------------
[34m       Sub[0m add - coupang store 로켓배송
[34m       Sub[0m add - coupang store 로켓배송
[35m[storeList][0m []
[32m      Pass[0m [54/100] no cheapStore.data, cheapStore={"low_price":null,"index":null,"data":null} storeList.length=0 product_id:804 url=https://msearch.shopping.naver.com/catalog/35299623619
[34m       Sub[0m complete - product_price write history
[34m       Sub[0m complete - low price of month was written
[34m timestamp[0m    804 2023-05-19T14:42:22.167Z
------------------------------------ end ----------------------------------------
------------------------------------ start ----------------------------------------
[35m[storeList][0m []
[32m      Pass[0m [55/100] no cheapStore.data, cheapStore={"low_price":null,"index":null,"data":null} storeList.length=0 product_id:7087 url=https://msearch.shopping.naver.com/catalog/27889532524
[34m       Sub[0m complete - product_price write history
[34m       Sub[0m complete - low price of month was written
[34m timestamp[0m   7087 2023-05-19T14:42:25.062Z
------------------------------------ end ----------------------------------------
------------------------------------ start ----------------------------------------
[35m[storeList][0m []
[32m      Pass[0m [56/100] no cheapStore.data, cheapStore={"low_price":null,"index":null,"data":null} storeList.length=0 product_id:7883 url=https://msearch.shopping.naver.com/catalog/32433180620
[34m       Sub[0m complete - product_price write history
[34m       Sub[0m complete - low price of month was written
[34m timestamp[0m   7883 2023-05-19T14:42:27.625Z
------------------------------------ end ----------------------------------------
------------------------------------ start ----------------------------------------
[34m       Sub[0m add - coupang store 로켓배송
[35m[storeList][0m []
[32m      Pass[0m [57/100] no cheapStore.data, cheapStore={"low_price":null,"index":null,"data":null} storeList.length=0 product_id:12832 url=https://msearch.shopping.naver.com/catalog/28695876554
[34m       Sub[0m complete - product_price write history
[34m       Sub[0m complete - low price of month was written
[34m timestamp[0m  12832 2023-05-19T14:42:30.136Z
------------------------------------ end ----------------------------------------
------------------------------------ start ----------------------------------------
[34m       Sub[0m add - coupang store 로켓배송
[34m       Sub[0m add - coupang store 로켓배송
[35m[storeList][0m []
[32m      Pass[0m [58/100] no cheapStore.data, cheapStore={"low_price":null,"index":null,"data":null} storeList.length=0 product_id:5580 url=https://msearch.shopping.naver.com/catalog/28695500556
[34m       Sub[0m complete - product_price write history
[34m       Sub[0m complete - low price of month was written
[34m timestamp[0m   5580 2023-05-19T14:42:32.613Z
------------------------------------ end ----------------------------------------
------------------------------------ start ----------------------------------------
[34m       Sub[0m add - coupang store 로켓배송
[34m       Sub[0m add - coupang store 로켓배송
[35m[storeList][0m []
[32m      Pass[0m [59/100] no cheapStore.data, cheapStore={"low_price":null,"index":null,"data":null} storeList.length=0 product_id:106 url=https://msearch.shopping.naver.com/catalog/25153950522
[34m       Sub[0m complete - product_price write history
[34m       Sub[0m complete - low price of month was written
[34m timestamp[0m    106 2023-05-19T14:42:35.152Z
------------------------------------ end ----------------------------------------
------------------------------------ start ----------------------------------------
[34m       Sub[0m add - coupang store 로켓배송
[34m       Sub[0m add - coupang store 로켓배송
[35m[storeList][0m []
[32m      Pass[0m [60/100] no cheapStore.data, cheapStore={"low_price":null,"index":null,"data":null} storeList.length=0 product_id:17299 url=https://msearch.shopping.naver.com/catalog/21715144393
[34m       Sub[0m complete - product_price write history
[34m       Sub[0m complete - low price of month was written
[34m timestamp[0m  17299 2023-05-19T14:42:37.655Z
------------------------------------ end ----------------------------------------
------------------------------------ start ----------------------------------------
[35m[storeList][0m []
[32m      Pass[0m [61/100] no cheapStore.data, cheapStore={"low_price":null,"index":null,"data":null} storeList.length=0 product_id:15568 url=https://msearch.shopping.naver.com/catalog/32595380625
[34m       Sub[0m complete - product_price write history
[34m       Sub[0m complete - low price of month was written
[34m timestamp[0m  15568 2023-05-19T14:42:40.284Z
------------------------------------ end ----------------------------------------
------------------------------------ start ----------------------------------------
[35m[storeList][0m []
[32m      Pass[0m [62/100] no cheapStore.data, cheapStore={"low_price":null,"index":null,"data":null} storeList.length=0 product_id:16224 url=https://msearch.shopping.naver.com/catalog/21798742416
[34m       Sub[0m complete - product_price write history
[34m       Sub[0m complete - low price of month was written
[34m timestamp[0m  16224 2023-05-19T14:42:47.289Z
------------------------------------ end ----------------------------------------
------------------------------------ start ----------------------------------------
[35m[storeList][0m []
[32m      Pass[0m [63/100] no cheapStore.data, cheapStore={"low_price":null,"index":null,"data":null} storeList.length=0 product_id:12631 url=https://msearch.shopping.naver.com/catalog/26119204522
[34m       Sub[0m complete - product_price write history
[34m       Sub[0m complete - low price of month was written
[34m timestamp[0m  12631 2023-05-19T14:42:49.800Z
------------------------------------ end ----------------------------------------
------------------------------------ start ----------------------------------------
[35m[storeList][0m []
[32m      Pass[0m [64/100] no cheapStore.data, cheapStore={"low_price":null,"index":null,"data":null} storeList.length=0 product_id:7986 url=https://msearch.shopping.naver.com/catalog/34961707621
[34m       Sub[0m complete - product_price write history
[34m       Sub[0m complete - low price of month was written
[34m timestamp[0m   7986 2023-05-19T14:42:52.419Z
------------------------------------ end ----------------------------------------
------------------------------------ start ----------------------------------------
[34m       Sub[0m add - coupang store 로켓배송
[34m       Sub[0m add - coupang store 로켓배송
[35m[storeList][0m []
[32m      Pass[0m [65/100] no cheapStore.data, cheapStore={"low_price":null,"index":null,"data":null} storeList.length=0 product_id:46 url=https://msearch.shopping.naver.com/catalog/16646261597
[34m       Sub[0m complete - product_price write history
[34m       Sub[0m complete - low price of month was written
[34m timestamp[0m     46 2023-05-19T14:42:54.922Z
------------------------------------ end ----------------------------------------
------------------------------------ start ----------------------------------------
[35m[storeList][0m []
[32m      Pass[0m [66/100] no cheapStore.data, cheapStore={"low_price":null,"index":null,"data":null} storeList.length=0 product_id:11131 url=https://msearch.shopping.naver.com/catalog/29636628618
[34m       Sub[0m complete - product_price write history
[34m       Sub[0m complete - low price of month was written
[34m timestamp[0m  11131 2023-05-19T14:42:57.552Z
------------------------------------ end ----------------------------------------
------------------------------------ start ----------------------------------------
[35m[storeList][0m []
[32m      Pass[0m [67/100] no cheapStore.data, cheapStore={"low_price":null,"index":null,"data":null} storeList.length=0 product_id:9259 url=https://msearch.shopping.naver.com/catalog/26684853522
[34m       Sub[0m complete - product_price write history
[34m       Sub[0m complete - low price of month was written
[34m timestamp[0m   9259 2023-05-19T14:43:00.040Z
------------------------------------ end ----------------------------------------
------------------------------------ start ----------------------------------------
[34m       Sub[0m add - coupang store 로켓배송
[34m       Sub[0m add - coupang store 로켓배송
[35m[storeList][0m []
[32m      Pass[0m [68/100] no cheapStore.data, cheapStore={"low_price":null,"index":null,"data":null} storeList.length=0 product_id:10278 url=https://msearch.shopping.naver.com/catalog/27612738522
[34m       Sub[0m complete - product_price write history
[34m       Sub[0m complete - low price of month was written
[34m timestamp[0m  10278 2023-05-19T14:43:02.729Z
------------------------------------ end ----------------------------------------
------------------------------------ start ----------------------------------------
[34m       Sub[0m add - coupang store 로켓배송
[34m       Sub[0m add - coupang store 로켓배송
[35m[storeList][0m []
[32m      Pass[0m [69/100] no cheapStore.data, cheapStore={"low_price":null,"index":null,"data":null} storeList.length=0 product_id:7629 url=https://msearch.shopping.naver.com/catalog/30214775618
[34m       Sub[0m complete - product_price write history
[34m       Sub[0m complete - low price of month was written
[34m timestamp[0m   7629 2023-05-19T14:43:05.633Z
------------------------------------ end ----------------------------------------
------------------------------------ start ----------------------------------------
[35m[storeList][0m []
[32m      Pass[0m [70/100] no cheapStore.data, cheapStore={"low_price":null,"index":null,"data":null} storeList.length=0 product_id:978 url=https://msearch.shopping.naver.com/catalog/32288248619
[34m       Sub[0m complete - product_price write history
[34m       Sub[0m complete - low price of month was written
[34m timestamp[0m    978 2023-05-19T14:43:12.204Z
------------------------------------ end ----------------------------------------
------------------------------------ start ----------------------------------------
[34m       Sub[0m add - coupang store 로켓배송
[35m[storeList][0m []
[32m      Pass[0m [71/100] no cheapStore.data, cheapStore={"low_price":null,"index":null,"data":null} storeList.length=0 product_id:8401 url=https://msearch.shopping.naver.com/catalog/30400377618
[34m       Sub[0m complete - product_price write history
[34m       Sub[0m complete - low price of month was written
[34m timestamp[0m   8401 2023-05-19T14:43:14.681Z
------------------------------------ end ----------------------------------------
------------------------------------ start ----------------------------------------
[34m       Sub[0m add - coupang store 로켓배송
[34m       Sub[0m add - coupang store 로켓배송
[35m[storeList][0m []
[32m      Pass[0m [72/100] no cheapStore.data, cheapStore={"low_price":null,"index":null,"data":null} storeList.length=0 product_id:7545 url=https://msearch.shopping.naver.com/catalog/28869108586
[34m       Sub[0m complete - product_price write history
[34m       Sub[0m complete - low price of month was written
[34m timestamp[0m   7545 2023-05-19T14:43:17.132Z
------------------------------------ end ----------------------------------------
------------------------------------ start ----------------------------------------
[35m[storeList][0m []
[32m      Pass[0m [73/100] no cheapStore.data, cheapStore={"low_price":null,"index":null,"data":null} storeList.length=0 product_id:461 url=https://msearch.shopping.naver.com/catalog/21480099604
[34m       Sub[0m complete - product_price write history
[34m       Sub[0m complete - low price of month was written
[34m timestamp[0m    461 2023-05-19T14:43:19.613Z
------------------------------------ end ----------------------------------------
------------------------------------ start ----------------------------------------
[35m[storeList][0m []
[32m      Pass[0m [74/100] no cheapStore.data, cheapStore={"low_price":null,"index":null,"data":null} storeList.length=0 product_id:191 url=https://msearch.shopping.naver.com/catalog/28953186586
[34m       Sub[0m complete - product_price write history
[34m       Sub[0m complete - low price of month was written
[34m timestamp[0m    191 2023-05-19T14:43:22.112Z
------------------------------------ end ----------------------------------------
------------------------------------ start ----------------------------------------
[34m       Sub[0m add - coupang store 로켓배송
[34m       Sub[0m add - coupang store 로켓배송
[35m[storeList][0m []
[32m      Pass[0m [75/100] no cheapStore.data, cheapStore={"low_price":null,"index":null,"data":null} storeList.length=0 product_id:7100 url=https://msearch.shopping.naver.com/catalog/30676108622
[34m       Sub[0m complete - product_price write history
[34m       Sub[0m complete - low price of month was written
[34m timestamp[0m   7100 2023-05-19T14:43:24.865Z
------------------------------------ end ----------------------------------------
------------------------------------ start ----------------------------------------
[35m[storeList][0m []
[32m      Pass[0m [76/100] no cheapStore.data, cheapStore={"low_price":null,"index":null,"data":null} storeList.length=0 product_id:12433 url=https://msearch.shopping.naver.com/catalog/23076030490
[34m       Sub[0m complete - product_price write history
[34m       Sub[0m complete - low price of month was written
[34m timestamp[0m  12433 2023-05-19T14:43:27.291Z
------------------------------------ end ----------------------------------------
------------------------------------ start ----------------------------------------
[35m[storeList][0m []
[32m      Pass[0m [77/100] no cheapStore.data, cheapStore={"low_price":null,"index":null,"data":null} storeList.length=0 product_id:13070 url=https://msearch.shopping.naver.com/catalog/21707401804
[34m       Sub[0m complete - product_price write history
[34m       Sub[0m complete - low price of month was written
[34m timestamp[0m  13070 2023-05-19T14:43:32.703Z
------------------------------------ end ----------------------------------------
------------------------------------ start ----------------------------------------
[35m[storeList][0m []
[32m      Pass[0m [78/100] no cheapStore.data, cheapStore={"low_price":null,"index":null,"data":null} storeList.length=0 product_id:7932 url=https://msearch.shopping.naver.com/catalog/30663601618
[34m       Sub[0m complete - product_price write history
[34m       Sub[0m complete - low price of month was written
[34m timestamp[0m   7932 2023-05-19T14:43:35.241Z
------------------------------------ end ----------------------------------------
------------------------------------ start ----------------------------------------
[35m[storeList][0m []
[32m      Pass[0m [79/100] no cheapStore.data, cheapStore={"low_price":null,"index":null,"data":null} storeList.length=0 product_id:8219 url=https://msearch.shopping.naver.com/catalog/34541762619
[34m       Sub[0m complete - product_price write history
[34m       Sub[0m complete - low price of month was written
[34m timestamp[0m   8219 2023-05-19T14:43:41.761Z
------------------------------------ end ----------------------------------------
------------------------------------ start ----------------------------------------
[34m       Sub[0m add - coupang store 로켓배송
[34m       Sub[0m add - coupang store 로켓배송
[35m[storeList][0m []
[32m      Pass[0m [80/100] no cheapStore.data, cheapStore={"low_price":null,"index":null,"data":null} storeList.length=0 product_id:9228 url=https://msearch.shopping.naver.com/catalog/21100822633
[34m       Sub[0m complete - product_price write history
[34m       Sub[0m complete - low price of month was written
[34m timestamp[0m   9228 2023-05-19T14:43:44.264Z
------------------------------------ end ----------------------------------------
------------------------------------ start ----------------------------------------
[34m       Sub[0m add - coupang store 로켓배송
[34m       Sub[0m add - coupang store 로켓배송
[35m[storeList][0m []
[32m      Pass[0m [81/100] no cheapStore.data, cheapStore={"low_price":null,"index":null,"data":null} storeList.length=0 product_id:5933 url=https://msearch.shopping.naver.com/catalog/29202555618
[34m       Sub[0m complete - product_price write history
[34m       Sub[0m complete - low price of month was written
[34m timestamp[0m   5933 2023-05-19T14:43:47.087Z
------------------------------------ end ----------------------------------------
------------------------------------ start ----------------------------------------
[34m       Sub[0m add - coupang store 로켓배송
[35m[storeList][0m []
[32m      Pass[0m [82/100] no cheapStore.data, cheapStore={"low_price":null,"index":null,"data":null} storeList.length=0 product_id:676 url=https://msearch.shopping.naver.com/catalog/27303440522
[34m       Sub[0m complete - product_price write history
[34m       Sub[0m complete - low price of month was written
[34m timestamp[0m    676 2023-05-19T14:43:53.448Z
------------------------------------ end ----------------------------------------
------------------------------------ start ----------------------------------------
[34m       Sub[0m add - coupang store 로켓배송
[35m[storeList][0m []
[32m      Pass[0m [83/100] no cheapStore.data, cheapStore={"low_price":null,"index":null,"data":null} storeList.length=0 product_id:11859 url=https://msearch.shopping.naver.com/catalog/25596359522
[34m       Sub[0m complete - product_price write history
[34m       Sub[0m complete - low price of month was written
[34m timestamp[0m  11859 2023-05-19T14:43:56.125Z
------------------------------------ end ----------------------------------------
------------------------------------ start ----------------------------------------
[34m       Sub[0m add - coupang store 로켓배송
[35m[storeList][0m []
[32m      Pass[0m [84/100] no cheapStore.data, cheapStore={"low_price":null,"index":null,"data":null} storeList.length=0 product_id:19869 url=https://msearch.shopping.naver.com/catalog/19336642315
[34m       Sub[0m complete - product_price write history
[34m       Sub[0m complete - low price of month was written
[34m timestamp[0m  19869 2023-05-19T14:43:58.620Z
------------------------------------ end ----------------------------------------
------------------------------------ start ----------------------------------------
[35m[storeList][0m []
[32m      Pass[0m [85/100] no cheapStore.data, cheapStore={"low_price":null,"index":null,"data":null} storeList.length=0 product_id:8361 url=https://msearch.shopping.naver.com/catalog/26938207522
[34m       Sub[0m complete - product_price write history
[34m       Sub[0m complete - low price of month was written
[34m timestamp[0m   8361 2023-05-19T14:44:01.417Z
------------------------------------ end ----------------------------------------
------------------------------------ start ----------------------------------------
[35m[storeList][0m []
[32m      Pass[0m [86/100] no cheapStore.data, cheapStore={"low_price":null,"index":null,"data":null} storeList.length=0 product_id:6564 url=https://msearch.shopping.naver.com/catalog/30144514621
[34m       Sub[0m complete - product_price write history
[34m       Sub[0m complete - low price of month was written
[34m timestamp[0m   6564 2023-05-19T14:44:04.033Z
------------------------------------ end ----------------------------------------
------------------------------------ start ----------------------------------------
[34m       Sub[0m add - coupang store 로켓배송
[34m       Sub[0m add - coupang store 로켓배송
[35m[storeList][0m []
[32m      Pass[0m [87/100] no cheapStore.data, cheapStore={"low_price":null,"index":null,"data":null} storeList.length=0 product_id:3115 url=https://msearch.shopping.naver.com/catalog/31907535618
[34m       Sub[0m complete - product_price write history
[34m       Sub[0m complete - low price of month was written
[34m timestamp[0m   3115 2023-05-19T14:44:06.516Z
------------------------------------ end ----------------------------------------
------------------------------------ start ----------------------------------------
[35m[블랙리스트 회사] PASS (naver)[0m 위메프
[35m[storeList][0m []
[32m      Pass[0m [88/100] no cheapStore.data, cheapStore={"low_price":null,"index":null,"data":null} storeList.length=0 product_id:16726 url=https://msearch.shopping.naver.com/catalog/20530700080
[34m       Sub[0m complete - product_price write history
[34m       Sub[0m complete - low price of month was written
[34m timestamp[0m  16726 2023-05-19T14:44:09.346Z
------------------------------------ end ----------------------------------------
------------------------------------ start ----------------------------------------
[34m       Sub[0m add - coupang store 로켓배송
[34m       Sub[0m add - coupang store 로켓배송
[35m[storeList][0m []
[32m      Pass[0m [89/100] no cheapStore.data, cheapStore={"low_price":null,"index":null,"data":null} storeList.length=0 product_id:594 url=https://msearch.shopping.naver.com/catalog/32786747618
[34m       Sub[0m complete - product_price write history
[34m       Sub[0m complete - low price of month was written
[34m timestamp[0m    594 2023-05-19T14:44:11.838Z
------------------------------------ end ----------------------------------------
------------------------------------ start ----------------------------------------
[35m[storeList][0m []
[32m      Pass[0m [90/100] no cheapStore.data, cheapStore={"low_price":null,"index":null,"data":null} storeList.length=0 product_id:62 url=https://msearch.shopping.naver.com/catalog/30687058620
[34m       Sub[0m complete - product_price write history
[34m       Sub[0m complete - low price of month was written
[34m timestamp[0m     62 2023-05-19T14:44:14.870Z
------------------------------------ end ----------------------------------------
------------------------------------ start ----------------------------------------
[34m       Sub[0m add - coupang store 로켓배송
[34m       Sub[0m add - coupang store 로켓배송
[35m[storeList][0m []
[32m      Pass[0m [91/100] no cheapStore.data, cheapStore={"low_price":null,"index":null,"data":null} storeList.length=0 product_id:20578 url=https://msearch.shopping.naver.com/catalog/27861432524
[34m       Sub[0m complete - product_price write history
[34m       Sub[0m complete - low price of month was written
[34m timestamp[0m  20578 2023-05-19T14:44:21.483Z
------------------------------------ end ----------------------------------------
------------------------------------ start ----------------------------------------
[34m       Sub[0m add - coupang store 로켓배송
[34m       Sub[0m add - coupang store 로켓배송
[35m[storeList][0m []
[32m      Pass[0m [92/100] no cheapStore.data, cheapStore={"low_price":null,"index":null,"data":null} storeList.length=0 product_id:6663 url=https://msearch.shopping.naver.com/catalog/27876446526
[34m       Sub[0m complete - product_price write history
[34m       Sub[0m complete - low price of month was written
[34m timestamp[0m   6663 2023-05-19T14:44:24.015Z
------------------------------------ end ----------------------------------------
------------------------------------ start ----------------------------------------
[34m       Sub[0m add - coupang store 로켓배송
[34m       Sub[0m add - coupang store 로켓배송
[35m[storeList][0m []
[32m      Pass[0m [93/100] no cheapStore.data, cheapStore={"low_price":null,"index":null,"data":null} storeList.length=0 product_id:17264 url=https://msearch.shopping.naver.com/catalog/20057417780
[34m       Sub[0m complete - product_price write history
[34m       Sub[0m complete - low price of month was written
[34m timestamp[0m  17264 2023-05-19T14:44:26.508Z
------------------------------------ end ----------------------------------------
------------------------------------ start ----------------------------------------
[35m[storeList][0m []
[32m      Pass[0m [94/100] no cheapStore.data, cheapStore={"low_price":null,"index":null,"data":null} storeList.length=0 product_id:158 url=https://msearch.shopping.naver.com/catalog/23340448491
[34m       Sub[0m complete - product_price write history
[34m       Sub[0m complete - low price of month was written
[34m timestamp[0m    158 2023-05-19T14:44:29.211Z
------------------------------------ end ----------------------------------------
------------------------------------ start ----------------------------------------
[34m       Sub[0m add - coupang store 로켓배송
[34m       Sub[0m add - coupang store 로켓배송
[35m[storeList][0m []
[32m      Pass[0m [95/100] no cheapStore.data, cheapStore={"low_price":null,"index":null,"data":null} storeList.length=0 product_id:13684 url=https://msearch.shopping.naver.com/catalog/34857604618
[34m       Sub[0m complete - product_price write history
[34m       Sub[0m complete - low price of month was written
[34m timestamp[0m  13684 2023-05-19T14:44:35.379Z
------------------------------------ end ----------------------------------------
------------------------------------ start ----------------------------------------
[34m       Sub[0m add - coupang store 로켓배송
[34m       Sub[0m add - coupang store 로켓배송
[35m[storeList][0m []
[32m      Pass[0m [96/100] no cheapStore.data, cheapStore={"low_price":null,"index":null,"data":null} storeList.length=0 product_id:8903 url=https://msearch.shopping.naver.com/catalog/27004098741
[34m       Sub[0m complete - product_price write history
[34m       Sub[0m complete - low price of month was written
[34m timestamp[0m   8903 2023-05-19T14:44:37.899Z
------------------------------------ end ----------------------------------------
------------------------------------ start ----------------------------------------
[35m[storeList][0m []
[32m      Pass[0m [97/100] no cheapStore.data, cheapStore={"low_price":null,"index":null,"data":null} storeList.length=0 product_id:37576 url=https://msearch.shopping.naver.com/catalog/24739933531
[34m       Sub[0m complete - product_price write history
[34m       Sub[0m complete - low price of month was written
[34m timestamp[0m  37576 2023-05-19T14:44:40.803Z
------------------------------------ end ----------------------------------------
------------------------------------ start ----------------------------------------
[34m       Sub[0m add - coupang store 로켓배송
[34m       Sub[0m add - coupang store 로켓배송
[35m[storeList][0m []
[32m      Pass[0m [98/100] no cheapStore.data, cheapStore={"low_price":null,"index":null,"data":null} storeList.length=0 product_id:6767 url=https://msearch.shopping.naver.com/catalog/27872947531
[34m       Sub[0m complete - product_price write history
[34m       Sub[0m complete - low price of month was written
[34m timestamp[0m   6767 2023-05-19T14:44:43.653Z
------------------------------------ end ----------------------------------------
------------------------------------ start ----------------------------------------
[35m[storeList][0m []
[32m      Pass[0m [99/100] no cheapStore.data, cheapStore={"low_price":null,"index":null,"data":null} storeList.length=0 product_id:4635 url=https://msearch.shopping.naver.com/catalog/30144569620
[34m       Sub[0m complete - product_price write history
[34m       Sub[0m complete - low price of month was written
[34m timestamp[0m   4635 2023-05-19T14:44:46.298Z
------------------------------------ end ----------------------------------------
------------------------------------ start ----------------------------------------
[34m       Sub[0m add - coupang store 로켓배송
[34m       Sub[0m add - coupang store 로켓배송
[35m[storeList][0m []
[32m      Pass[0m [100/100] no cheapStore.data, cheapStore={"low_price":null,"index":null,"data":null} storeList.length=0 product_id:12541 url=https://msearch.shopping.naver.com/catalog/23473034492
[34m       Sub[0m complete - product_price write history
[34m       Sub[0m complete - low price of month was written
[34m timestamp[0m  12541 2023-05-19T14:44:49.368Z
------------------------------------ end ----------------------------------------
[34m    [DONE][0m complete - all product price update
Done in 325.99s.
