yarn run v1.22.19
$ ts-node ./product_price_update
[32m  [1/1577][0m id:    1 type:naver
       GET ( 1) id:    1 price:26990 price: 26990, delivery: 3000, ë¸Œë¡œì½œë¦¬ëª°
       GET ( 2) id:    1 price:32660 price: 32660, delivery: 3000, ê±´ê°•-ë‚˜ëˆ”
       GET ( 3) id:    1 price:32670 price: 32670, delivery: 3000, DWê·¸ë¦°ì¼€ì–´
[34m      TIME[0m id:    1 ì¢…ë£Œ ì‹œê°„: 2.21s, end_at: Thu, 01 Jun 2023 00:59:02 GMT, ì‘ì—… ì‹œê°„:2.21s

[32m  [2/1577][0m id:    2 type:naver
       GET ( 1) id:    2 price: 8900 price:  8900, delivery: 3000, ë¹„íƒ€ë¯¼ë§ˆì„
[34m      TIME[0m id:    2 ì¢…ë£Œ ì‹œê°„: 3.33s, end_at: Thu, 01 Jun 2023 00:59:06 GMT, ì‘ì—… ì‹œê°„:3.33s

[32m  [3/1577][0m id:    6 type:naver
       GET ( 1) id:    6 price:31500 price: 31500, delivery: 2500, lemoncity
       GET ( 2) id:    6 price:32000 price: 32000, delivery:    0, ì†í¸í•œ ì‡¼í•‘ëª°
       GET ( 3) id:    6 price:32000 price: 32000, delivery: 3000, íœ´ë‹´ì´Œ
[34m      TIME[0m id:    6 ì¢…ë£Œ ì‹œê°„: 2.00s, end_at: Thu, 01 Jun 2023 00:59:08 GMT, ì‘ì—… ì‹œê°„:1.88s

[32m  [4/1577][0m id:   10 type:naver
       GET ( 1) id:   10 price: 6890 price:  6890, delivery: 3000, ë©”íƒ€ê³¨ë¼í• ì¸ëª¨ìŒë‹´ê¸°ì¶”ì²œëª°
       GET ( 2) id:   10 price: 6900 price:  6900, delivery:    0, ì˜¤ë§ˆì´ë¹„íƒ€
       GET ( 3) id:   10 price: 8120 price:  8120, delivery:    0, ì˜¥ì…˜
[35m      PASS[0m [ë¸”ë™ë¦¬ìŠ¤íŠ¸ íšŒì‚¬] PASS (naver) ìœ„ë©”í”„
[34m      TIME[0m id:   10 ì¢…ë£Œ ì‹œê°„: 2.00s, end_at: Thu, 01 Jun 2023 00:59:10 GMT, ì‘ì—… ì‹œê°„:2.00s

[32m  [5/1577][0m id:   11 type:naver
       GET ( 1) id:   11 price:39910 price: 39910, delivery: 3000, 11ë²ˆê°€
       GET ( 2) id:   11 price:40450 price: 40450, delivery: 3000, ì˜¥ì…˜
[35m      PASS[0m [ë¸”ë™ë¦¬ìŠ¤íŠ¸ íšŒì‚¬] PASS (naver) ì‹ë¬¼ì˜ì–‘ì†Œ
       GET ( 4) id:   11 price:40470 price: 40470, delivery: 3000, Gë§ˆì¼“
[34m      TIME[0m id:   11 ì¢…ë£Œ ì‹œê°„: 2.67s, end_at: Thu, 01 Jun 2023 00:59:12 GMT, ì‘ì—… ì‹œê°„:2.67s

[32m  [6/1577][0m id:   16 type:naver
[35m  No Store[0m MESSAGE product_id: 16 Pass Filtered No Store
[34m      TIME[0m id:   16 ì¢…ë£Œ ì‹œê°„: 2.92s, end_at: Thu, 01 Jun 2023 00:59:15 GMT, ì‘ì—… ì‹œê°„:2.92s

[32m  [7/1577][0m id:   18 type:naver
       GET ( 1) id:   18 price:100000 price:100000, delivery: 3000, IRUDAM ì´ë£¨ë‹´
[34m      TIME[0m id:   18 ì¢…ë£Œ ì‹œê°„: 4.08s, end_at: Thu, 01 Jun 2023 00:59:19 GMT, ì‘ì—… ì‹œê°„:4.08s

[32m  [8/1577][0m id:   20 type:naver
