[Tue May 21 18:27:01 KST 2024] Script started
  % Total    % Received % Xferd  Average Speed   Time    Time     Time  Current
                                 Dload  Upload   Total   Spent    Left  Speed
  0     0    0     0    0     0      0      0 --:--:-- --:--:-- --:--:--     0100    13  100    13    0     0    181      0 --:--:-- --:--:-- --:--:--   183
{"data":true}[Tue May 21 18:27:01 KST 2024] Script completed successfully
  % Total    % Received % Xferd  Average Speed   Time    Time     Time  Current
                                 Dload  Upload   Total   Spent    Left  Speed
  0     0    0     0    0     0      0      0 --:--:-- --:--:-- --:--:--     0100    13  100    13    0     0    194      0 --:--:-- --:--:-- --:--:--   196
{"data":true}[Tue May 21 18:27:11 KST 2024] Script completed successfully
  % Total    % Received % Xferd  Average Speed   Time    Time     Time  Current
                                 Dload  Upload   Total   Spent    Left  Speed
  0     0    0     0    0     0      0      0 --:--:-- --:--:-- --:--:--     0100    13  100    13    0     0    164      0 --:--:-- --:--:-- --:--:--   164
{"data":true}[Tue May 21 18:27:21 KST 2024] Script completed successfully
  % Total    % Received % Xferd  Average Speed   Time    Time     Time  Current
                                 Dload  Upload   Total   Spent    Left  Speed
  0     0    0     0    0     0      0      0 --:--:-- --:--:-- --:--:--     0100    13  100    13    0     0    179      0 --:--:-- --:--:-- --:--:--   180
{"data":true}[Tue May 21 18:27:31 KST 2024] Script completed successfully
  % Total    % Received % Xferd  Average Speed   Time    Time     Time  Current
                                 Dload  Upload   Total   Spent    Left  Speed
  0     0    0     0    0     0      0      0 --:--:-- --:--:-- --:--:--     0100    13  100    13    0     0    130      0 --:--:-- --:--:-- --:--:--   131
{"data":true}[Tue May 21 18:27:41 KST 2024] Script completed successfully
