[Sun Oct 22 18:00:00 KST 2023] Script started

> product_crawling@1.0.58 update:shop
> ts-node ./home_shopping_update

Start fetching shop list 2023-10-22T09:00:05.105Z
[1/177] Complete schedule_id: 332 https://m.livehs.co.kr/product/detail/338226162 2023-10-22T09:00:06.402Z
[2/177] Complete schedule_id: 333 https://m.livehs.co.kr/product/detail/338226458 2023-10-22T09:00:07.386Z
[3/177] Complete schedule_id: 334 https://m.livehs.co.kr/product/detail/338233688 2023-10-22T09:00:08.288Z
[4/177] Complete schedule_id: 335 https://m.livehs.co.kr/product/detail/338226165 2023-10-22T09:00:09.292Z
[5/177] Complete schedule_id: 336 https://m.livehs.co.kr/product/detail/338226167 2023-10-22T09:00:10.215Z
[6/177] Complete schedule_id: 337 https://m.livehs.co.kr/product/detail/338226462 2023-10-22T09:00:11.149Z
[7/177] Complete schedule_id: 338 https://m.livehs.co.kr/product/detail/338226403 2023-10-22T09:00:12.062Z
[8/177] Complete schedule_id: 339 https://m.livehs.co.kr/product/detail/338497612 2023-10-22T09:00:13.089Z
[9/177] Complete schedule_id: 340 https://m.livehs.co.kr/product/detail/338226432 2023-10-22T09:00:13.999Z
[10/177] Complete schedule_id: 341 https://m.livehs.co.kr/product/detail/338360890 2023-10-22T09:00:14.838Z
[11/177] Complete schedule_id: 342 https://m.livehs.co.kr/product/detail/338226168 2023-10-22T09:00:15.750Z
[12/177] Complete schedule_id: 343 https://m.livehs.co.kr/product/detail/338598236 2023-10-22T09:00:16.774Z
[13/177] Complete schedule_id: 344 https://m.livehs.co.kr/product/detail/338318603 2023-10-22T09:00:17.688Z
[14/177] Complete schedule_id: 345 https://m.livehs.co.kr/product/detail/338226436 2023-10-22T09:00:18.600Z
[15/177] Complete schedule_id: 346 https://m.livehs.co.kr/product/detail/338226467 2023-10-22T09:00:20.036Z
[16/177] Complete schedule_id: 347 https://m.livehs.co.kr/product/detail/338226322 2023-10-22T09:00:20.930Z
[17/177] Complete schedule_id: 348 https://m.livehs.co.kr/product/detail/338226170 2023-10-22T09:00:21.796Z
[18/177] Complete schedule_id: 349 https://m.livehs.co.kr/product/detail/338226442 2023-10-22T09:00:22.704Z
[19/177] Complete schedule_id: 350 https://m.livehs.co.kr/product/detail/338226176 2023-10-22T09:00:23.602Z
[20/177] Complete schedule_id: 351 https://m.livehs.co.kr/product/detail/338233726 2023-10-22T09:00:24.547Z
[21/177] Complete schedule_id: 352 https://m.livehs.co.kr/product/detail/338226184 2023-10-22T09:00:25.465Z
[22/177] Complete schedule_id: 353 https://m.livehs.co.kr/product/detail/338546049 2023-10-22T09:00:26.379Z
[23/177] Complete schedule_id: 354 https://m.livehs.co.kr/product/detail/338233732 2023-10-22T09:00:27.717Z
[24/177] Complete schedule_id: 355 https://m.livehs.co.kr/product/detail/338360958 2023-10-22T09:00:28.585Z
[25/177] Complete schedule_id: 356 https://m.livehs.co.kr/product/detail/338226173 2023-10-22T09:00:29.501Z
[26/177] Complete schedule_id: 357 https://m.livehs.co.kr/product/detail/338226326 2023-10-22T09:00:30.465Z
[27/177] Complete schedule_id: 358 https://m.livehs.co.kr/product/detail/338339426 2023-10-22T09:00:31.423Z
[28/177] Complete schedule_id: 359 https://m.livehs.co.kr/product/detail/338226445 2023-10-22T09:00:32.281Z
[29/177] Complete schedule_id: 360 https://m.livehs.co.kr/product/detail/338233752 2023-10-22T09:00:33.256Z
[30/177] Complete schedule_id: 361 https://m.livehs.co.kr/product/detail/338226456 2023-10-22T09:00:34.178Z
[31/177] Complete schedule_id: 362 https://m.livehs.co.kr/product/detail/338453684 2023-10-22T09:00:35.094Z
[32/177] Complete schedule_id: 363 https://m.livehs.co.kr/product/detail/338453406 2023-10-22T09:00:36.042Z
[33/177] Complete schedule_id: 364 https://m.livehs.co.kr/product/detail/338720590 2023-10-22T09:00:37.141Z
[34/177] Complete schedule_id: 365 https://m.livehs.co.kr/product/detail/338453409 2023-10-22T09:00:38.042Z
[35/177] Complete schedule_id: 366 https://m.livehs.co.kr/product/detail/338566236 2023-10-22T09:00:38.964Z
[36/177] Complete schedule_id: 367 https://m.livehs.co.kr/product/detail/338453686 2023-10-22T09:00:39.828Z
[37/177] Complete schedule_id: 368 https://m.livehs.co.kr/product/detail/338453391 2023-10-22T09:00:40.726Z
[38/177] Complete schedule_id: 369 https://m.livehs.co.kr/product/detail/338461154 2023-10-22T09:00:41.658Z
[39/177] Complete schedule_id: 370 https://m.livehs.co.kr/product/detail/338720595 2023-10-22T09:00:42.760Z
[40/177] Complete schedule_id: 371 https://m.livehs.co.kr/product/detail/338453394 2023-10-22T09:00:43.600Z
[41/177] Complete schedule_id: 372 https://m.livehs.co.kr/product/detail/338453410 2023-10-22T09:00:44.508Z
[42/177] Complete schedule_id: 373 https://m.livehs.co.kr/product/detail/338457003 2023-10-22T09:00:45.420Z
[43/177] Complete schedule_id: 374 https://m.livehs.co.kr/product/detail/338453396 2023-10-22T09:00:46.255Z
[44/177] Complete schedule_id: 375 https://m.livehs.co.kr/product/detail/338453693 2023-10-22T09:00:47.074Z
[45/177] Complete schedule_id: 376 https://m.livehs.co.kr/product/detail/338720598 2023-10-22T09:00:48.093Z
[46/177] Complete schedule_id: 377 https://m.livehs.co.kr/product/detail/338453641 2023-10-22T09:00:49.012Z
[47/177] Complete schedule_id: 378 https://m.livehs.co.kr/product/detail/338461158 2023-10-22T09:00:49.947Z
[48/177] Complete schedule_id: 379 https://m.livehs.co.kr/product/detail/338457006 2023-10-22T09:00:50.855Z
[49/177] Complete schedule_id: 380 https://m.livehs.co.kr/product/detail/338453604 2023-10-22T09:00:51.786Z
[50/177] Complete schedule_id: 381 https://m.livehs.co.kr/product/detail/338453642 2023-10-22T09:00:52.607Z
[51/177] Complete schedule_id: 382 https://m.livehs.co.kr/product/detail/338453674 2023-10-22T09:00:53.462Z
[52/177] Complete schedule_id: 383 https://m.livehs.co.kr/product/detail/338453646 2023-10-22T09:00:54.342Z
[53/177] Complete schedule_id: 384 https://m.livehs.co.kr/product/detail/338457009 2023-10-22T09:00:55.193Z
[54/177] Complete schedule_id: 385 https://m.livehs.co.kr/product/detail/338619735 2023-10-22T09:00:56.073Z
[55/177] Complete schedule_id: 386 https://m.livehs.co.kr/product/detail/338453404 2023-10-22T09:00:56.886Z
[56/177] Complete schedule_id: 387 https://m.livehs.co.kr/product/detail/338453648 2023-10-22T09:00:57.710Z
[57/177] Complete schedule_id: 388 https://m.livehs.co.kr/product/detail/338461196 2023-10-22T09:00:58.562Z
[58/177] Complete schedule_id: 389 https://m.livehs.co.kr/product/detail/338453677 2023-10-22T09:00:59.457Z
[59/177] Complete schedule_id: 390 https://m.livehs.co.kr/product/detail/338453617 2023-10-22T09:01:00.698Z
[60/177] Complete schedule_id: 391 https://m.livehs.co.kr/product/detail/338461197 2023-10-22T09:01:01.605Z
[61/177] Complete schedule_id: 392 https://m.livehs.co.kr/product/detail/338720895 2023-10-22T09:01:02.664Z
[62/177] Complete schedule_id: 393 https://m.livehs.co.kr/product/detail/338535947 2023-10-22T09:01:03.552Z
[63/177] Complete schedule_id: 394 https://m.livehs.co.kr/product/detail/338484863 2023-10-22T09:01:04.546Z
[64/177] Complete schedule_id: 395 https://m.livehs.co.kr/product/detail/338453627 2023-10-22T09:01:05.503Z
[65/177] Complete schedule_id: 396 https://m.livehs.co.kr/product/detail/338453417 2023-10-22T09:01:06.473Z
[66/177] Complete schedule_id: 397 https://m.livehs.co.kr/product/detail/338453592 2023-10-22T09:01:07.278Z
[67/177] Complete schedule_id: 398 https://m.livehs.co.kr/product/detail/338461203 2023-10-22T09:01:08.158Z
[68/177] Complete schedule_id: 399 https://m.livehs.co.kr/product/detail/338676627 2023-10-22T09:01:09.086Z
[69/177] Complete schedule_id: 400 https://m.livehs.co.kr/product/detail/338676216 2023-10-22T09:01:09.947Z
[70/177] Complete schedule_id: 401 https://m.livehs.co.kr/product/detail/338927313 2023-10-22T09:01:11.171Z
[71/177] Complete schedule_id: 402 https://m.livehs.co.kr/product/detail/338676551 2023-10-22T09:01:12.054Z
[72/177] Complete schedule_id: 403 https://m.livehs.co.kr/product/detail/338676581 2023-10-22T09:01:12.974Z
[73/177] Complete schedule_id: 404 https://m.livehs.co.kr/product/detail/338676583 2023-10-22T09:01:13.822Z
[74/177] Complete schedule_id: 405 https://m.livehs.co.kr/product/detail/338676647 2023-10-22T09:01:14.693Z
[75/177] Complete schedule_id: 406 https://m.livehs.co.kr/product/detail/338683474 2023-10-22T09:01:15.732Z
[76/177] Complete schedule_id: 407 https://m.livehs.co.kr/product/detail/338918916 2023-10-22T09:01:16.762Z
[77/177] Complete schedule_id: 408 https://m.livehs.co.kr/product/detail/338676403 2023-10-22T09:01:17.699Z
[78/177] Complete schedule_id: 409 https://m.livehs.co.kr/product/detail/338683488 2023-10-22T09:01:18.604Z
[79/177] Complete schedule_id: 410 https://m.livehs.co.kr/product/detail/338676586 2023-10-22T09:01:19.384Z
[80/177] Complete schedule_id: 411 https://m.livehs.co.kr/product/detail/338683499 2023-10-22T09:01:20.368Z
[81/177] Complete schedule_id: 412 https://m.livehs.co.kr/product/detail/338676556 2023-10-22T09:01:21.280Z
[82/177] Complete schedule_id: 413 https://m.livehs.co.kr/product/detail/338683510 2023-10-22T09:01:22.704Z
[83/177] Complete schedule_id: 414 https://m.livehs.co.kr/product/detail/338676405 2023-10-22T09:01:23.612Z
[84/177] Complete schedule_id: 415 https://m.livehs.co.kr/product/detail/338683512 2023-10-22T09:01:24.538Z
[85/177] Complete schedule_id: 416 https://m.livehs.co.kr/product/detail/338676602 2023-10-22T09:01:25.422Z
[86/177] Complete schedule_id: 417 https://m.livehs.co.kr/product/detail/338676410 2023-10-22T09:01:26.248Z
[87/177] Complete schedule_id: 418 https://m.livehs.co.kr/product/detail/338927436 2023-10-22T09:01:27.284Z
[88/177] Complete schedule_id: 419 https://m.livehs.co.kr/product/detail/338676414 2023-10-22T09:01:28.538Z
[89/177] Complete schedule_id: 420 https://m.livehs.co.kr/product/detail/338676626 2023-10-22T09:01:29.490Z
[90/177] Complete schedule_id: 421 https://m.livehs.co.kr/product/detail/338676417 2023-10-22T09:01:30.491Z
[91/177] Complete schedule_id: 422 https://m.livehs.co.kr/product/detail/338676493 2023-10-22T09:01:31.342Z
[92/177] Complete schedule_id: 423 https://m.livehs.co.kr/product/detail/338122512 2023-10-22T09:01:32.206Z
[93/177] Complete schedule_id: 424 https://m.livehs.co.kr/product/detail/338566275 2023-10-22T09:01:32.996Z
[94/177] Complete schedule_id: 425 https://m.livehs.co.kr/product/detail/338161532 2023-10-22T09:01:33.978Z
[95/177] Complete schedule_id: 426 https://m.livehs.co.kr/product/detail/338143691 2023-10-22T09:01:34.978Z
[96/177] Complete schedule_id: 427 https://m.livehs.co.kr/product/detail/338598038 2023-10-22T09:01:35.908Z
[97/177] Complete schedule_id: 428 https://m.livehs.co.kr/product/detail/338598040 2023-10-22T09:01:36.761Z
[98/177] Complete schedule_id: 429 https://m.livehs.co.kr/product/detail/338598043 2023-10-22T09:01:37.719Z
[99/177] Complete schedule_id: 430 https://m.livehs.co.kr/product/detail/338880914 2023-10-22T09:01:38.586Z
[100/177] Complete schedule_id: 431 https://m.livehs.co.kr/product/detail/338372030 2023-10-22T09:01:39.506Z
[101/177] Complete schedule_id: 432 https://m.livehs.co.kr/product/detail/338598047 2023-10-22T09:01:40.611Z
[102/177] Complete schedule_id: 433 https://m.livehs.co.kr/product/detail/338880877 2023-10-22T09:01:41.441Z
[103/177] Complete schedule_id: 434 https://m.livehs.co.kr/product/detail/338880915 2023-10-22T09:01:42.257Z
[104/177] Complete schedule_id: 435 https://m.livehs.co.kr/product/detail/338350044 2023-10-22T09:01:43.182Z
[105/177] Complete schedule_id: 436 https://m.livehs.co.kr/product/detail/338598050 2023-10-22T09:01:44.201Z
[106/177] Complete schedule_id: 437 https://m.livehs.co.kr/product/detail/338350047 2023-10-22T09:01:45.029Z
[107/177] Complete schedule_id: 438 https://m.livehs.co.kr/product/detail/338566240 2023-10-22T09:01:46.027Z
[108/177] Complete schedule_id: 439 https://m.livehs.co.kr/product/detail/338099679 2023-10-22T09:01:46.965Z
[109/177] Complete schedule_id: 440 https://m.livehs.co.kr/product/detail/338328889 2023-10-22T09:01:47.795Z
[110/177] Complete schedule_id: 441 https://m.livehs.co.kr/product/detail/338292739 2023-10-22T09:01:48.714Z
[111/177] Complete schedule_id: 442 https://m.livehs.co.kr/product/detail/338328891 2023-10-22T09:01:49.637Z
[112/177] Complete schedule_id: 443 https://m.livehs.co.kr/product/detail/338151114 2023-10-22T09:01:50.564Z
[113/177] Complete schedule_id: 444 https://m.livehs.co.kr/product/detail/338880886 2023-10-22T09:01:51.361Z
[114/177] Complete schedule_id: 445 https://m.livehs.co.kr/product/detail/338371617 2023-10-22T09:01:52.256Z
[115/177] Complete schedule_id: 446 https://m.livehs.co.kr/product/detail/338360931 2023-10-22T09:01:53.165Z
[116/177] Complete schedule_id: 447 https://m.livehs.co.kr/product/detail/338383198 2023-10-22T09:01:54.050Z
[117/177] Complete schedule_id: 448 https://m.livehs.co.kr/product/detail/338676505 2023-10-22T09:01:54.954Z
[118/177] Complete schedule_id: 449 https://m.livehs.co.kr/product/detail/338383199 2023-10-22T09:01:55.807Z
[119/177] Complete schedule_id: 450 https://m.livehs.co.kr/product/detail/338556067 2023-10-22T09:01:56.636Z
[120/177] Complete schedule_id: 451 https://m.livehs.co.kr/product/detail/338880925 2023-10-22T09:01:57.525Z
[121/177] Complete schedule_id: 452 https://m.livehs.co.kr/product/detail/338372053 2023-10-22T09:01:58.551Z
[122/177] Complete schedule_id: 453 https://m.livehs.co.kr/product/detail/338372054 2023-10-22T09:01:59.582Z
[123/177] Complete schedule_id: 454 https://m.livehs.co.kr/product/detail/338151149 2023-10-22T09:02:00.809Z
[124/177] Complete schedule_id: 455 https://m.livehs.co.kr/product/detail/337840640 2023-10-22T09:02:01.847Z
[125/177] Complete schedule_id: 456 https://m.livehs.co.kr/product/detail/338328900 2023-10-22T09:02:02.854Z
[126/177] Complete schedule_id: 457 https://m.livehs.co.kr/product/detail/338880893 2023-10-22T09:02:03.756Z
[127/177] Complete schedule_id: 458 https://m.livehs.co.kr/product/detail/338676510 2023-10-22T09:02:04.696Z
[128/177] Complete schedule_id: 459 https://m.livehs.co.kr/product/detail/338372072 2023-10-22T09:02:05.609Z
[129/177] Complete schedule_id: 460 https://m.livehs.co.kr/product/detail/338880897 2023-10-22T09:02:06.528Z
[130/177] Complete schedule_id: 461 https://m.livehs.co.kr/product/detail/338880898 2023-10-22T09:02:07.348Z
[131/177] Complete schedule_id: 462 https://m.livehs.co.kr/product/detail/338141153 2023-10-22T09:02:08.383Z
[132/177] Complete schedule_id: 463 https://m.livehs.co.kr/product/detail/338372074 2023-10-22T09:02:09.304Z
[133/177] Complete schedule_id: 464 https://m.livehs.co.kr/product/detail/338880938 2023-10-22T09:02:10.222Z
[134/177] Complete schedule_id: 465 https://m.livehs.co.kr/product/detail/338880903 2023-10-22T09:02:11.152Z
[135/177] Complete schedule_id: 466 https://m.livehs.co.kr/product/detail/338337192 2023-10-22T09:02:12.079Z
[136/177] Complete schedule_id: 467 https://m.livehs.co.kr/product/detail/338880940 2023-10-22T09:02:12.978Z
[137/177] Complete schedule_id: 468 https://m.livehs.co.kr/product/detail/338832038 2023-10-22T09:02:13.906Z
[138/177] Complete schedule_id: 469 https://m.livehs.co.kr/product/detail/338880909 2023-10-22T09:02:14.828Z
[139/177] Complete schedule_id: 470 https://m.livehs.co.kr/product/detail/338556076 2023-10-22T09:02:15.736Z
[140/177] Complete schedule_id: 471 https://m.livehs.co.kr/product/detail/338576799 2023-10-22T09:02:16.663Z
[141/177] Complete schedule_id: 472 https://m.livehs.co.kr/product/detail/338350031 2023-10-22T09:02:17.589Z
[142/177] Complete schedule_id: 473 https://m.livehs.co.kr/product/detail/338350050 2023-10-22T09:02:18.409Z
[143/177] Complete schedule_id: 474 https://m.livehs.co.kr/product/detail/338371992 2023-10-22T09:02:19.339Z
[144/177] Complete schedule_id: 475 https://m.livehs.co.kr/product/detail/338350053 2023-10-22T09:02:20.354Z
[145/177] Complete schedule_id: 476 https://m.livehs.co.kr/product/detail/338525965 2023-10-22T09:02:21.277Z
[146/177] Complete schedule_id: 477 https://m.livehs.co.kr/product/detail/338566241 2023-10-22T09:02:22.417Z
[147/177] Complete schedule_id: 478 https://m.livehs.co.kr/product/detail/338598089 2023-10-22T09:02:23.932Z
[148/177] Complete schedule_id: 479 https://m.livehs.co.kr/product/detail/337903591 2023-10-22T09:02:24.858Z
[149/177] Complete schedule_id: 480 https://m.livehs.co.kr/product/detail/338360886 2023-10-22T09:02:25.794Z
[150/177] Complete schedule_id: 481 https://m.livehs.co.kr/product/detail/338576779 2023-10-22T09:02:26.719Z
[151/177] Complete schedule_id: 482 https://m.livehs.co.kr/product/detail/338598096 2023-10-22T09:02:27.615Z
[152/177] Complete schedule_id: 483 https://m.livehs.co.kr/product/detail/338360887 2023-10-22T09:02:28.559Z
[153/177] Complete schedule_id: 484 https://m.livehs.co.kr/product/detail/338383203 2023-10-22T09:02:29.777Z
[154/177] Complete schedule_id: 485 https://m.livehs.co.kr/product/detail/338556092 2023-10-22T09:02:30.599Z
[155/177] Complete schedule_id: 486 https://m.livehs.co.kr/product/detail/338536723 2023-10-22T09:02:31.528Z
[156/177] Complete schedule_id: 487 https://m.livehs.co.kr/product/detail/338590968 2023-10-22T09:02:32.430Z
[157/177] Complete schedule_id: 488 https://m.livehs.co.kr/product/detail/337901763 2023-10-22T09:02:33.294Z
[158/177] Complete schedule_id: 489 https://m.livehs.co.kr/product/detail/338587359 2023-10-22T09:02:34.393Z
[159/177] Complete schedule_id: 490 https://m.livehs.co.kr/product/detail/338383211 2023-10-22T09:02:35.317Z
[160/177] Complete schedule_id: 491 https://m.livehs.co.kr/product/detail/337901770 2023-10-22T09:02:36.191Z
[161/177] Complete schedule_id: 492 https://m.livehs.co.kr/product/detail/338608974 2023-10-22T09:02:37.198Z
[162/177] Complete schedule_id: 493 https://m.livehs.co.kr/product/detail/338608902 2023-10-22T09:02:38.067Z
[163/177] Complete schedule_id: 494 https://m.livehs.co.kr/product/detail/338598145 2023-10-22T09:02:39.000Z
[164/177] Complete schedule_id: 495 https://m.livehs.co.kr/product/detail/338535983 2023-10-22T09:02:39.917Z
[165/177] Complete schedule_id: 496 https://m.livehs.co.kr/product/detail/338535986 2023-10-22T09:02:40.861Z
[166/177] Complete schedule_id: 497 https://m.livehs.co.kr/product/detail/338535987 2023-10-22T09:02:41.770Z
[167/177] Complete schedule_id: 498 https://m.livehs.co.kr/product/detail/338535990 2023-10-22T09:02:42.691Z
[168/177] Complete schedule_id: 499 https://m.livehs.co.kr/product/detail/338587345 2023-10-22T09:02:43.609Z
[169/177] Complete schedule_id: 500 https://m.livehs.co.kr/product/detail/338535991 2023-10-22T09:02:44.519Z
[170/177] Complete schedule_id: 501 https://m.livehs.co.kr/product/detail/338587390 2023-10-22T09:02:45.453Z
[171/177] Complete schedule_id: 502 https://m.livehs.co.kr/product/detail/338556121 2023-10-22T09:02:46.261Z
[172/177] Complete schedule_id: 503 https://m.livehs.co.kr/product/detail/338720892 2023-10-22T09:02:47.198Z
[173/177] Complete schedule_id: 504 https://m.livehs.co.kr/product/detail/338339197 2023-10-22T09:02:48.193Z
[174/177] Complete schedule_id: 505 https://m.livehs.co.kr/product/detail/338339389 2023-10-22T09:02:49.146Z
[175/177] Complete schedule_id: 506 https://m.livehs.co.kr/product/detail/338598245 2023-10-22T09:02:50.089Z
[176/177] Complete schedule_id: 507 https://m.livehs.co.kr/product/detail/338133050 2023-10-22T09:02:51.082Z
[177/177] Complete schedule_id: 508 https://m.livehs.co.kr/product/detail/338270543 2023-10-22T09:02:52.045Z
End fetching product list 2023-10-22T09:02:52.046Z
[Sun Oct 22 18:02:52 KST 2023] Script completed successfully
