[info] start bot start_at: 2024-01-23T06:11:59.765Z
[info] start bot crawling_start_at: 2024-01-23T06:11:59.765Z
[1/100] product_id: 1 2024-01-23T06:12:00.009Z
[1/100] product_id: 1 2024-01-23T06:12:02.303Z store_length: 73
[2/100] product_id: 2 2024-01-23T06:12:04.951Z
[2/100] product_id: 2 2024-01-23T06:12:06.262Z store_length: 73
[3/100] product_id: 3 2024-01-23T06:12:08.807Z
[3/100] product_id: 3 2024-01-23T06:12:09.969Z store_length: 73
[4/100] product_id: 4 2024-01-23T06:12:12.646Z
[4/100] product_id: 4 2024-01-23T06:12:13.797Z store_length: 73
[5/100] product_id: 5 2024-01-23T06:12:16.029Z
[5/100] product_id: 5 2024-01-23T06:12:17.464Z store_length: 73
[6/100] product_id: 6 2024-01-23T06:12:20.098Z
[6/100] product_id: 6 2024-01-23T06:12:21.436Z store_length: 73
[7/100] product_id: 7 2024-01-23T06:12:23.750Z
[7/100] product_id: 7 2024-01-23T06:12:25.613Z store_length: 73
[8/100] product_id: 8 2024-01-23T06:12:29.525Z
[8/100] product_id: 8 2024-01-23T06:12:30.911Z store_length: 73
[9/100] product_id: 9 2024-01-23T06:12:33.357Z
[9/100] product_id: 9 2024-01-23T06:12:34.514Z store_length: 73
[10/100] product_id: 10 2024-01-23T06:12:37.047Z
[10/100] product_id: 10 2024-01-23T06:12:38.738Z store_length: 73
[11/100] product_id: 11 2024-01-23T06:12:40.951Z
[11/100] product_id: 11 2024-01-23T06:12:42.278Z store_length: 73
[12/100] product_id: 12 2024-01-23T06:12:44.737Z
[12/100] product_id: 12 2024-01-23T06:12:46.258Z store_length: 73
[13/100] product_id: 13 2024-01-23T06:12:48.472Z
[13/100] product_id: 13 2024-01-23T06:12:49.959Z store_length: 73
[14/100] product_id: 14 2024-01-23T06:12:52.250Z
[14/100] product_id: 14 2024-01-23T06:12:53.532Z store_length: 73
[15/100] product_id: 15 2024-01-23T06:12:55.715Z
[15/100] product_id: 15 2024-01-23T06:12:57.017Z store_length: 73
[16/100] product_id: 16 2024-01-23T06:12:59.273Z
[16/100] product_id: 16 2024-01-23T06:13:00.812Z store_length: 73
[17/100] product_id: 17 2024-01-23T06:13:03.135Z
[17/100] product_id: 17 2024-01-23T06:13:04.550Z store_length: 73
[18/100] product_id: 18 2024-01-23T06:13:07.122Z
[18/100] product_id: 18 2024-01-23T06:13:09.415Z store_length: 73
[19/100] product_id: 19 2024-01-23T06:13:11.954Z
[19/100] product_id: 19 2024-01-23T06:13:13.257Z store_length: 73
[20/100] product_id: 20 2024-01-23T06:13:15.663Z
[20/100] product_id: 20 2024-01-23T06:13:16.841Z store_length: 73
[21/100] product_id: 21 2024-01-23T06:13:19.060Z
[21/100] product_id: 21 2024-01-23T06:13:20.845Z store_length: 73
[22/100] product_id: 22 2024-01-23T06:13:23.318Z
[22/100] product_id: 22 2024-01-23T06:13:24.610Z store_length: 73
[23/100] product_id: 23 2024-01-23T06:13:27.059Z
[23/100] product_id: 23 2024-01-23T06:13:29.359Z store_length: 73
[24/100] product_id: 24 2024-01-23T06:13:32.023Z
[24/100] product_id: 24 2024-01-23T06:13:33.297Z store_length: 73
[25/100] product_id: 25 2024-01-23T06:13:35.683Z
[25/100] product_id: 25 2024-01-23T06:13:37.333Z store_length: 73
[26/100] product_id: 26 2024-01-23T06:13:39.635Z
[26/100] product_id: 26 2024-01-23T06:13:40.912Z store_length: 73
[27/100] product_id: 27 2024-01-23T06:13:43.361Z
[27/100] product_id: 27 2024-01-23T06:13:44.631Z store_length: 73
[28/100] product_id: 28 2024-01-23T06:13:47.205Z
[28/100] product_id: 28 2024-01-23T06:13:48.406Z store_length: 73
[29/100] product_id: 29 2024-01-23T06:13:50.836Z
[29/100] product_id: 29 2024-01-23T06:13:52.133Z store_length: 73
[30/100] product_id: 30 2024-01-23T06:13:54.442Z
[30/100] product_id: 30 2024-01-23T06:13:55.607Z store_length: 73
[31/100] product_id: 31 2024-01-23T06:13:58.308Z
[31/100] product_id: 31 2024-01-23T06:13:59.600Z store_length: 73
[32/100] product_id: 32 2024-01-23T06:14:01.836Z
[32/100] product_id: 32 2024-01-23T06:14:03.142Z store_length: 73
[33/100] product_id: 33 2024-01-23T06:14:05.567Z
[33/100] product_id: 33 2024-01-23T06:14:06.762Z store_length: 73
[34/100] product_id: 34 2024-01-23T06:14:09.463Z
[34/100] product_id: 34 2024-01-23T06:14:10.696Z store_length: 73
[35/100] product_id: 35 2024-01-23T06:14:13.124Z
[35/100] product_id: 35 2024-01-23T06:14:14.366Z store_length: 73
[36/100] product_id: 36 2024-01-23T06:14:16.760Z
[36/100] product_id: 36 2024-01-23T06:14:17.983Z store_length: 73
[37/100] product_id: 37 2024-01-23T06:14:20.242Z
[37/100] product_id: 37 2024-01-23T06:14:21.529Z store_length: 73
[38/100] product_id: 38 2024-01-23T06:14:23.755Z
[38/100] product_id: 38 2024-01-23T06:14:24.997Z store_length: 73
[39/100] product_id: 39 2024-01-23T06:14:27.368Z
[39/100] product_id: 39 2024-01-23T06:14:28.590Z store_length: 73
[40/100] product_id: 40 2024-01-23T06:14:31.279Z
[40/100] product_id: 40 2024-01-23T06:14:33.226Z store_length: 73
[41/100] product_id: 41 2024-01-23T06:14:35.470Z
[41/100] product_id: 41 2024-01-23T06:14:36.687Z store_length: 73
[42/100] product_id: 42 2024-01-23T06:14:38.962Z
[42/100] product_id: 42 2024-01-23T06:14:40.251Z store_length: 73
[43/100] product_id: 43 2024-01-23T06:14:42.799Z
[43/100] product_id: 43 2024-01-23T06:14:44.191Z store_length: 73
[44/100] product_id: 44 2024-01-23T06:14:46.744Z
[44/100] product_id: 44 2024-01-23T06:14:48.005Z store_length: 73
[45/100] product_id: 45 2024-01-23T06:14:50.658Z
[45/100] product_id: 45 2024-01-23T06:14:51.963Z store_length: 73
[46/100] product_id: 46 2024-01-23T06:14:54.276Z
[46/100] product_id: 46 2024-01-23T06:14:56.488Z store_length: 73
[47/100] product_id: 47 2024-01-23T06:14:59.045Z
[47/100] product_id: 47 2024-01-23T06:15:00.238Z store_length: 73
[48/100] product_id: 48 2024-01-23T06:15:02.685Z
[48/100] product_id: 48 2024-01-23T06:15:03.854Z store_length: 73
[49/100] product_id: 49 2024-01-23T06:15:06.342Z
[49/100] product_id: 49 2024-01-23T06:15:07.778Z store_length: 73
[50/100] product_id: 50 2024-01-23T06:15:10.007Z
[50/100] product_id: 50 2024-01-23T06:15:11.330Z store_length: 73
[51/100] product_id: 51 2024-01-23T06:15:13.757Z
[51/100] product_id: 51 2024-01-23T06:15:15.801Z store_length: 73
[52/100] product_id: 52 2024-01-23T06:15:18.446Z
[52/100] product_id: 52 2024-01-23T06:15:19.779Z store_length: 73
[53/100] product_id: 53 2024-01-23T06:15:22.407Z
[53/100] product_id: 53 2024-01-23T06:15:23.621Z store_length: 73
[54/100] product_id: 54 2024-01-23T06:15:26.046Z
[54/100] product_id: 54 2024-01-23T06:15:27.179Z store_length: 73
[55/100] product_id: 55 2024-01-23T06:15:29.849Z
[55/100] product_id: 55 2024-01-23T06:15:31.009Z store_length: 73
[56/100] product_id: 56 2024-01-23T06:15:33.384Z
[56/100] product_id: 56 2024-01-23T06:15:34.582Z store_length: 73
[57/100] product_id: 57 2024-01-23T06:15:37.017Z
[57/100] product_id: 57 2024-01-23T06:15:38.311Z store_length: 73
[58/100] product_id: 58 2024-01-23T06:15:40.951Z
[58/100] product_id: 58 2024-01-23T06:15:42.137Z store_length: 73
[59/100] product_id: 59 2024-01-23T06:15:44.336Z
[59/100] product_id: 59 2024-01-23T06:15:45.644Z store_length: 73
[60/100] product_id: 60 2024-01-23T06:15:48.172Z
[60/100] product_id: 60 2024-01-23T06:15:49.434Z store_length: 73
[61/100] product_id: 61 2024-01-23T06:15:51.624Z
[61/100] product_id: 61 2024-01-23T06:15:53.858Z store_length: 73
[62/100] product_id: 62 2024-01-23T06:15:56.415Z
[62/100] product_id: 62 2024-01-23T06:15:57.790Z store_length: 73
[63/100] product_id: 63 2024-01-23T06:16:00.268Z
[63/100] product_id: 63 2024-01-23T06:16:01.486Z store_length: 73
[64/100] product_id: 64 2024-01-23T06:16:04.119Z
[64/100] product_id: 64 2024-01-23T06:16:06.707Z store_length: 73
[65/100] product_id: 65 2024-01-23T06:16:09.143Z
[65/100] product_id: 65 2024-01-23T06:16:10.462Z store_length: 73
[66/100] product_id: 66 2024-01-23T06:16:12.926Z
[66/100] product_id: 66 2024-01-23T06:16:15.154Z store_length: 73
[67/100] product_id: 67 2024-01-23T06:16:17.366Z
[67/100] product_id: 67 2024-01-23T06:16:18.587Z store_length: 73
[68/100] product_id: 68 2024-01-23T06:16:20.816Z
[68/100] product_id: 68 2024-01-23T06:16:22.122Z store_length: 73
[69/100] product_id: 69 2024-01-23T06:16:24.746Z
[69/100] product_id: 69 2024-01-23T06:16:26.121Z store_length: 73
[70/100] product_id: 70 2024-01-23T06:16:28.706Z
[70/100] product_id: 70 2024-01-23T06:16:30.087Z store_length: 73
[71/100] product_id: 71 2024-01-23T06:16:32.311Z
[71/100] product_id: 71 2024-01-23T06:16:33.615Z store_length: 73
[72/100] product_id: 72 2024-01-23T06:16:35.851Z
[72/100] product_id: 72 2024-01-23T06:16:37.170Z store_length: 73
[73/100] product_id: 73 2024-01-23T06:16:39.797Z
[73/100] product_id: 73 2024-01-23T06:16:41.658Z store_length: 73
[74/100] product_id: 74 2024-01-23T06:16:43.971Z
[74/100] product_id: 74 2024-01-23T06:16:45.113Z store_length: 73
[75/100] product_id: 75 2024-01-23T06:16:47.496Z
[75/100] product_id: 75 2024-01-23T06:16:48.687Z store_length: 73
[76/100] product_id: 76 2024-01-23T06:16:51.412Z
[76/100] product_id: 76 2024-01-23T06:16:52.589Z store_length: 73
[77/100] product_id: 77 2024-01-23T06:16:55.170Z
[77/100] product_id: 77 2024-01-23T06:16:56.512Z store_length: 73
[78/100] product_id: 78 2024-01-23T06:16:59.033Z
[78/100] product_id: 78 2024-01-23T06:17:00.451Z store_length: 73
[79/100] product_id: 79 2024-01-23T06:17:03.017Z
[79/100] product_id: 79 2024-01-23T06:17:04.391Z store_length: 73
[80/100] product_id: 80 2024-01-23T06:17:06.719Z
[80/100] product_id: 80 2024-01-23T06:17:07.967Z store_length: 73
[81/100] product_id: 81 2024-01-23T06:17:10.510Z
[81/100] product_id: 81 2024-01-23T06:17:11.825Z store_length: 73
[82/100] product_id: 82 2024-01-23T06:17:14.101Z
[82/100] product_id: 82 2024-01-23T06:17:15.668Z store_length: 73
[83/100] product_id: 83 2024-01-23T06:17:17.914Z
[83/100] product_id: 83 2024-01-23T06:17:19.213Z store_length: 73
[84/100] product_id: 84 2024-01-23T06:17:21.573Z
[84/100] product_id: 84 2024-01-23T06:17:23.103Z store_length: 73
[85/100] product_id: 85 2024-01-23T06:17:25.787Z
[85/100] product_id: 85 2024-01-23T06:17:27.326Z store_length: 73
[86/100] product_id: 86 2024-01-23T06:17:29.569Z
[86/100] product_id: 86 2024-01-23T06:17:30.793Z store_length: 73
[87/100] product_id: 87 2024-01-23T06:17:33.146Z
[87/100] product_id: 87 2024-01-23T06:17:34.421Z store_length: 73
[88/100] product_id: 88 2024-01-23T06:17:36.815Z
[88/100] product_id: 88 2024-01-23T06:17:38.038Z store_length: 73
[89/100] product_id: 89 2024-01-23T06:17:40.566Z
[89/100] product_id: 89 2024-01-23T06:17:41.954Z store_length: 73
[90/100] product_id: 90 2024-01-23T06:17:44.416Z
[90/100] product_id: 90 2024-01-23T06:17:45.541Z store_length: 73
[91/100] product_id: 91 2024-01-23T06:17:48.166Z
[91/100] product_id: 91 2024-01-23T06:17:49.494Z store_length: 73
[92/100] product_id: 92 2024-01-23T06:17:52.072Z
[92/100] product_id: 92 2024-01-23T06:17:53.326Z store_length: 73
[93/100] product_id: 93 2024-01-23T06:17:55.786Z
[93/100] product_id: 93 2024-01-23T06:17:57.053Z store_length: 73
[94/100] product_id: 94 2024-01-23T06:17:59.371Z
[94/100] product_id: 94 2024-01-23T06:18:00.544Z store_length: 73
[95/100] product_id: 95 2024-01-23T06:18:03.014Z
[95/100] product_id: 95 2024-01-23T06:18:04.275Z store_length: 73
[96/100] product_id: 96 2024-01-23T06:18:06.911Z
[96/100] product_id: 96 2024-01-23T06:18:08.115Z store_length: 73
[97/100] product_id: 97 2024-01-23T06:18:10.977Z
[97/100] product_id: 97 2024-01-23T06:18:12.350Z store_length: 73
[98/100] product_id: 98 2024-01-23T06:18:14.937Z
[98/100] product_id: 98 2024-01-23T06:18:16.474Z store_length: 73
[99/100] product_id: 99 2024-01-23T06:18:19.013Z
[99/100] product_id: 99 2024-01-23T06:18:20.247Z store_length: 73
[100/100] product_id: 100 2024-01-23T06:18:22.885Z
[100/100] product_id: 100 2024-01-23T06:18:24.197Z store_length: 73
[1/100] product_id: 1 2024-01-23T06:18:26.540Z
[1/100] product_id: 1 2024-01-23T06:18:27.721Z store_length: 73
[2/100] product_id: 2 2024-01-23T06:18:30.168Z
[2/100] product_id: 2 2024-01-23T06:18:31.320Z store_length: 73
[3/100] product_id: 3 2024-01-23T06:18:33.915Z
[3/100] product_id: 3 2024-01-23T06:18:35.151Z store_length: 73
[4/100] product_id: 4 2024-01-23T06:18:37.635Z
[4/100] product_id: 4 2024-01-23T06:18:39.715Z store_length: 73
[5/100] product_id: 5 2024-01-23T06:18:42.056Z
[5/100] product_id: 5 2024-01-23T06:18:43.325Z store_length: 73
[6/100] product_id: 6 2024-01-23T06:18:45.838Z
[6/100] product_id: 6 2024-01-23T06:18:46.996Z store_length: 73
[7/100] product_id: 7 2024-01-23T06:18:49.619Z
[7/100] product_id: 7 2024-01-23T06:18:50.794Z store_length: 73
[8/100] product_id: 8 2024-01-23T06:18:53.419Z
[8/100] product_id: 8 2024-01-23T06:18:54.701Z store_length: 73
[9/100] product_id: 9 2024-01-23T06:18:57.244Z
[9/100] product_id: 9 2024-01-23T06:18:58.579Z store_length: 73
[Error] no product list: 2024-01-23T06:19:01.078Z
[Error] no product list: 2024-01-23T06:19:01.114Z
[Error] no product list: 2024-01-23T06:19:01.151Z
[Error] no product list: 2024-01-23T06:19:01.189Z
[Error] no product list: 2024-01-23T06:19:01.230Z
[Error] no product list: 2024-01-23T06:19:01.267Z
[Error] no product list: 2024-01-23T06:19:01.304Z
[Error] no product list: 2024-01-23T06:19:01.340Z
[Error] no product list: 2024-01-23T06:19:01.376Z
[Error] no product list: 2024-01-23T06:19:01.414Z
[Error] no product list: 2024-01-23T06:19:01.450Z
[Error] no product list: 2024-01-23T06:19:01.484Z
[Error] no product list: 2024-01-23T06:19:01.519Z
[Error] no product list: 2024-01-23T06:19:01.555Z
[Error] no product list: 2024-01-23T06:19:01.597Z
[Error] no product list: 2024-01-23T06:19:01.634Z
[Error] no product list: 2024-01-23T06:19:01.671Z
[Error] no product list: 2024-01-23T06:19:01.709Z
[Error] no product list: 2024-01-23T06:19:01.746Z
[Error] no product list: 2024-01-23T06:19:01.783Z
[Error] no product list: 2024-01-23T06:19:01.818Z
[Error] no product list: 2024-01-23T06:19:01.852Z
[Error] no product list: 2024-01-23T06:19:01.886Z
[Error] no product list: 2024-01-23T06:19:01.917Z
[Error] no product list: 2024-01-23T06:19:01.952Z
[Error] no product list: 2024-01-23T06:19:01.988Z
[Error] no product list: 2024-01-23T06:19:02.020Z
[Error] no product list: 2024-01-23T06:19:02.051Z
[Error] no product list: 2024-01-23T06:19:02.084Z
[Error] no product list: 2024-01-23T06:19:02.116Z
[Error] no product list: 2024-01-23T06:19:02.149Z
[Error] no product list: 2024-01-23T06:19:02.185Z
[Error] no product list: 2024-01-23T06:19:02.223Z
[Error] no product list: 2024-01-23T06:19:02.255Z
[Error] no product list: 2024-01-23T06:19:02.288Z
[Error] no product list: 2024-01-23T06:19:02.319Z
[Error] no product list: 2024-01-23T06:19:02.353Z
[Error] no product list: 2024-01-23T06:19:02.388Z
[Error] no product list: 2024-01-23T06:19:02.423Z
[Error] no product list: 2024-01-23T06:19:02.457Z
[Error] no product list: 2024-01-23T06:19:02.490Z
[Error] no product list: 2024-01-23T06:19:02.520Z
[Error] no product list: 2024-01-23T06:19:02.553Z
[Error] no product list: 2024-01-23T06:19:02.590Z
[Error] no product list: 2024-01-23T06:19:02.632Z
[Error] no product list: 2024-01-23T06:19:02.666Z
[Error] no product list: 2024-01-23T06:19:02.701Z
[Error] no product list: 2024-01-23T06:19:02.739Z
[Error] no product list: 2024-01-23T06:19:02.771Z
[Error] no product list: 2024-01-23T06:19:02.812Z
[Error] no product list: 2024-01-23T06:19:02.843Z
[Error] no product list: 2024-01-23T06:19:02.876Z
[Error] no product list: 2024-01-23T06:19:02.910Z
[Error] no product list: 2024-01-23T06:19:02.942Z
[Error] no product list: 2024-01-23T06:19:02.975Z
[Error] no product list: 2024-01-23T06:19:03.013Z
[Error] no product list: 2024-01-23T06:19:03.052Z
[Error] no product list: 2024-01-23T06:19:03.089Z
[Error] no product list: 2024-01-23T06:19:03.127Z
[Error] no product list: 2024-01-23T06:19:03.164Z
[Error] no product list: 2024-01-23T06:19:03.200Z
[Error] no product list: 2024-01-23T06:19:03.233Z
[Error] no product list: 2024-01-23T06:19:03.273Z
[Error] no product list: 2024-01-23T06:19:03.311Z
[Error] no product list: 2024-01-23T06:19:03.348Z
[Error] no product list: 2024-01-23T06:19:03.386Z
[Error] no product list: 2024-01-23T06:19:03.422Z
[Error] no product list: 2024-01-23T06:19:03.452Z
[Error] no product list: 2024-01-23T06:19:03.483Z
[Error] no product list: 2024-01-23T06:19:03.516Z
[Error] no product list: 2024-01-23T06:19:03.549Z
[Error] no product list: 2024-01-23T06:19:03.585Z
[Error] no product list: 2024-01-23T06:19:03.622Z
[Error] no product list: 2024-01-23T06:19:03.659Z
[Error] no product list: 2024-01-23T06:19:03.699Z
[Error] no product list: 2024-01-23T06:19:03.741Z
[Error] no product list: 2024-01-23T06:19:03.778Z
[Error] no product list: 2024-01-23T06:19:03.812Z
[Error] no product list: 2024-01-23T06:19:03.848Z
[Error] no product list: 2024-01-23T06:19:03.882Z
[Error] no product list: 2024-01-23T06:19:03.914Z
[Error] no product list: 2024-01-23T06:19:03.948Z
[Error] no product list: 2024-01-23T06:19:03.983Z
[10/100] product_id: 10 2024-01-23T06:19:04.097Z
[10/100] product_id: 10 2024-01-23T06:19:05.237Z store_length: 73
[11/100] product_id: 11 2024-01-23T06:19:07.942Z
[11/100] product_id: 11 2024-01-23T06:19:09.053Z store_length: 73
[12/100] product_id: 12 2024-01-23T06:19:11.498Z
[12/100] product_id: 12 2024-01-23T06:19:12.816Z store_length: 73
[13/100] product_id: 13 2024-01-23T06:19:15.029Z
[13/100] product_id: 13 2024-01-23T06:19:16.372Z store_length: 73
[14/100] product_id: 14 2024-01-23T06:19:18.981Z
[14/100] product_id: 14 2024-01-23T06:19:20.265Z store_length: 73
[15/100] product_id: 15 2024-01-23T06:19:22.718Z
[15/100] product_id: 15 2024-01-23T06:19:23.919Z store_length: 73
[16/100] product_id: 16 2024-01-23T06:19:26.291Z
[16/100] product_id: 16 2024-01-23T06:19:27.404Z store_length: 73
[17/100] product_id: 17 2024-01-23T06:19:29.706Z
[17/100] product_id: 17 2024-01-23T06:19:30.847Z store_length: 73
[18/100] product_id: 18 2024-01-23T06:19:33.484Z
[18/100] product_id: 18 2024-01-23T06:19:34.708Z store_length: 73
[19/100] product_id: 19 2024-01-23T06:19:37.154Z
[19/100] product_id: 19 2024-01-23T06:19:38.390Z store_length: 73
[20/100] product_id: 20 2024-01-23T06:19:41.269Z
[20/100] product_id: 20 2024-01-23T06:19:42.450Z store_length: 73
[21/100] product_id: 21 2024-01-23T06:19:45.061Z
[21/100] product_id: 21 2024-01-23T06:19:46.469Z store_length: 73
[22/100] product_id: 22 2024-01-23T06:19:49.026Z
[22/100] product_id: 22 2024-01-23T06:19:50.424Z store_length: 73
[23/100] product_id: 23 2024-01-23T06:19:52.663Z
[23/100] product_id: 23 2024-01-23T06:19:53.867Z store_length: 73
[24/100] product_id: 24 2024-01-23T06:19:56.448Z
[24/100] product_id: 24 2024-01-23T06:19:58.124Z store_length: 73
[25/100] product_id: 25 2024-01-23T06:20:00.599Z
[25/100] product_id: 25 2024-01-23T06:20:02.131Z store_length: 73
[26/100] product_id: 26 2024-01-23T06:20:04.422Z
[26/100] product_id: 26 2024-01-23T06:20:05.883Z store_length: 73
[27/100] product_id: 27 2024-01-23T06:20:08.558Z
[27/100] product_id: 27 2024-01-23T06:20:09.897Z store_length: 73
[28/100] product_id: 28 2024-01-23T06:20:12.223Z
[28/100] product_id: 28 2024-01-23T06:20:13.677Z store_length: 73
[29/100] product_id: 29 2024-01-23T06:20:16.053Z
[29/100] product_id: 29 2024-01-23T06:20:17.361Z store_length: 73
[30/100] product_id: 30 2024-01-23T06:20:19.926Z
[30/100] product_id: 30 2024-01-23T06:20:21.201Z store_length: 73
[31/100] product_id: 31 2024-01-23T06:20:23.671Z
[31/100] product_id: 31 2024-01-23T06:20:25.073Z store_length: 73
[32/100] product_id: 32 2024-01-23T06:20:27.690Z
[32/100] product_id: 32 2024-01-23T06:20:28.838Z store_length: 73
[33/100] product_id: 33 2024-01-23T06:20:31.339Z
[33/100] product_id: 33 2024-01-23T06:20:32.596Z store_length: 73
[34/100] product_id: 34 2024-01-23T06:20:35.110Z
[34/100] product_id: 34 2024-01-23T06:20:37.315Z store_length: 73
[35/100] product_id: 35 2024-01-23T06:20:39.714Z
[35/100] product_id: 35 2024-01-23T06:20:40.956Z store_length: 73
[36/100] product_id: 36 2024-01-23T06:20:43.572Z
[36/100] product_id: 36 2024-01-23T06:20:44.834Z store_length: 73
[37/100] product_id: 37 2024-01-23T06:20:47.346Z
[37/100] product_id: 37 2024-01-23T06:20:48.499Z store_length: 73
[38/100] product_id: 38 2024-01-23T06:20:50.761Z
[38/100] product_id: 38 2024-01-23T06:20:51.999Z store_length: 73
[39/100] product_id: 39 2024-01-23T06:20:54.612Z
[39/100] product_id: 39 2024-01-23T06:20:55.848Z store_length: 73
[40/100] product_id: 40 2024-01-23T06:20:58.142Z
[40/100] product_id: 40 2024-01-23T06:20:59.331Z store_length: 73
[41/100] product_id: 41 2024-01-23T06:21:01.979Z
[41/100] product_id: 41 2024-01-23T06:21:03.186Z store_length: 73
[42/100] product_id: 42 2024-01-23T06:21:05.710Z
[42/100] product_id: 42 2024-01-23T06:21:07.216Z store_length: 73
[43/100] product_id: 43 2024-01-23T06:21:09.812Z
[43/100] product_id: 43 2024-01-23T06:21:11.003Z store_length: 73
[44/100] product_id: 44 2024-01-23T06:21:13.555Z
[44/100] product_id: 44 2024-01-23T06:21:14.950Z store_length: 73
[45/100] product_id: 45 2024-01-23T06:21:17.620Z
[45/100] product_id: 45 2024-01-23T06:21:19.019Z store_length: 73
[46/100] product_id: 46 2024-01-23T06:21:21.639Z
[46/100] product_id: 46 2024-01-23T06:21:22.822Z store_length: 73
[47/100] product_id: 47 2024-01-23T06:21:25.119Z
[47/100] product_id: 47 2024-01-23T06:21:26.999Z store_length: 73
[48/100] product_id: 48 2024-01-23T06:21:29.634Z
[48/100] product_id: 48 2024-01-23T06:21:30.849Z store_length: 73
[49/100] product_id: 49 2024-01-23T06:21:33.372Z
[49/100] product_id: 49 2024-01-23T06:21:34.683Z store_length: 73
[50/100] product_id: 50 2024-01-23T06:21:37.066Z
[50/100] product_id: 50 2024-01-23T06:21:38.431Z store_length: 73
[51/100] product_id: 51 2024-01-23T06:21:40.897Z
[51/100] product_id: 51 2024-01-23T06:21:42.477Z store_length: 73
[52/100] product_id: 52 2024-01-23T06:21:44.786Z
[52/100] product_id: 52 2024-01-23T06:21:46.254Z store_length: 73
[53/100] product_id: 53 2024-01-23T06:21:48.643Z
[53/100] product_id: 53 2024-01-23T06:21:49.785Z store_length: 73
[54/100] product_id: 54 2024-01-23T06:21:52.191Z
[54/100] product_id: 54 2024-01-23T06:21:53.617Z store_length: 73
[55/100] product_id: 55 2024-01-23T06:21:55.981Z
[55/100] product_id: 55 2024-01-23T06:21:57.253Z store_length: 73
[56/100] product_id: 56 2024-01-23T06:21:59.480Z
[56/100] product_id: 56 2024-01-23T06:22:00.779Z store_length: 73
[57/100] product_id: 57 2024-01-23T06:22:03.155Z
[57/100] product_id: 57 2024-01-23T06:22:04.508Z store_length: 73
[58/100] product_id: 58 2024-01-23T06:22:07.177Z
[58/100] product_id: 58 2024-01-23T06:22:08.614Z store_length: 73
[59/100] product_id: 59 2024-01-23T06:22:10.829Z
[59/100] product_id: 59 2024-01-23T06:22:12.125Z store_length: 73
[60/100] product_id: 60 2024-01-23T06:22:14.621Z
[60/100] product_id: 60 2024-01-23T06:22:16.240Z store_length: 73
[61/100] product_id: 61 2024-01-23T06:22:18.583Z
[61/100] product_id: 61 2024-01-23T06:22:19.829Z store_length: 73
[62/100] product_id: 62 2024-01-23T06:22:22.151Z
[62/100] product_id: 62 2024-01-23T06:22:23.393Z store_length: 73
[63/100] product_id: 63 2024-01-23T06:22:26.006Z
[63/100] product_id: 63 2024-01-23T06:22:27.217Z store_length: 73
[64/100] product_id: 64 2024-01-23T06:22:29.640Z
[64/100] product_id: 64 2024-01-23T06:22:30.953Z store_length: 73
[65/100] product_id: 65 2024-01-23T06:22:33.189Z
[65/100] product_id: 65 2024-01-23T06:22:34.396Z store_length: 73
[66/100] product_id: 66 2024-01-23T06:22:36.997Z
[66/100] product_id: 66 2024-01-23T06:22:38.306Z store_length: 73
[67/100] product_id: 67 2024-01-23T06:22:40.976Z
[67/100] product_id: 67 2024-01-23T06:22:42.148Z store_length: 73
[68/100] product_id: 68 2024-01-23T06:22:44.481Z
[68/100] product_id: 68 2024-01-23T06:22:45.581Z store_length: 73
[69/100] product_id: 69 2024-01-23T06:22:48.079Z
[69/100] product_id: 69 2024-01-23T06:22:49.416Z store_length: 73
[70/100] product_id: 70 2024-01-23T06:22:51.729Z
[70/100] product_id: 70 2024-01-23T06:22:52.879Z store_length: 73
[71/100] product_id: 71 2024-01-23T06:22:55.179Z
[71/100] product_id: 71 2024-01-23T06:22:56.355Z store_length: 73
[72/100] product_id: 72 2024-01-23T06:22:59.141Z
[72/100] product_id: 72 2024-01-23T06:23:00.478Z store_length: 73
[73/100] product_id: 73 2024-01-23T06:23:03.235Z
[73/100] product_id: 73 2024-01-23T06:23:05.690Z store_length: 73
[74/100] product_id: 74 2024-01-23T06:23:08.314Z
[74/100] product_id: 74 2024-01-23T06:23:09.634Z store_length: 73
[75/100] product_id: 75 2024-01-23T06:23:12.299Z
[75/100] product_id: 75 2024-01-23T06:23:13.558Z store_length: 73
[76/100] product_id: 76 2024-01-23T06:23:15.917Z
[76/100] product_id: 76 2024-01-23T06:23:17.139Z store_length: 73
[77/100] product_id: 77 2024-01-23T06:23:19.708Z
[77/100] product_id: 77 2024-01-23T06:23:21.107Z store_length: 73
[78/100] product_id: 78 2024-01-23T06:23:23.657Z
[78/100] product_id: 78 2024-01-23T06:23:24.765Z store_length: 73
[79/100] product_id: 79 2024-01-23T06:23:27.030Z
[79/100] product_id: 79 2024-01-23T06:23:29.485Z store_length: 73
[80/100] product_id: 80 2024-01-23T06:23:32.051Z
[80/100] product_id: 80 2024-01-23T06:23:33.233Z store_length: 73
[81/100] product_id: 81 2024-01-23T06:23:35.825Z
[81/100] product_id: 81 2024-01-23T06:23:37.000Z store_length: 73
[82/100] product_id: 82 2024-01-23T06:23:39.246Z
[82/100] product_id: 82 2024-01-23T06:23:40.378Z store_length: 73
[83/100] product_id: 83 2024-01-23T06:23:42.799Z
[83/100] product_id: 83 2024-01-23T06:23:43.965Z store_length: 73
[84/100] product_id: 84 2024-01-23T06:23:46.551Z
[84/100] product_id: 84 2024-01-23T06:23:47.635Z store_length: 73
[85/100] product_id: 85 2024-01-23T06:23:49.989Z
[85/100] product_id: 85 2024-01-23T06:23:51.239Z store_length: 73
[86/100] product_id: 86 2024-01-23T06:23:53.464Z
[86/100] product_id: 86 2024-01-23T06:23:54.664Z store_length: 73
[87/100] product_id: 87 2024-01-23T06:23:57.247Z
[87/100] product_id: 87 2024-01-23T06:23:58.409Z store_length: 73
[88/100] product_id: 88 2024-01-23T06:24:00.789Z
[88/100] product_id: 88 2024-01-23T06:24:01.993Z store_length: 73
[89/100] product_id: 89 2024-01-23T06:24:04.615Z
[89/100] product_id: 89 2024-01-23T06:24:05.885Z store_length: 73
[90/100] product_id: 90 2024-01-23T06:24:08.313Z
[90/100] product_id: 90 2024-01-23T06:24:09.604Z store_length: 73
[91/100] product_id: 91 2024-01-23T06:24:12.043Z
[91/100] product_id: 91 2024-01-23T06:24:13.261Z store_length: 73
[92/100] product_id: 92 2024-01-23T06:24:15.665Z
[92/100] product_id: 92 2024-01-23T06:24:16.892Z store_length: 73
[93/100] product_id: 93 2024-01-23T06:24:19.277Z
[93/100] product_id: 93 2024-01-23T06:24:20.490Z store_length: 73
[94/100] product_id: 94 2024-01-23T06:24:23.182Z
[94/100] product_id: 94 2024-01-23T06:24:24.470Z store_length: 73
[95/100] product_id: 95 2024-01-23T06:24:26.726Z
[95/100] product_id: 95 2024-01-23T06:24:27.999Z store_length: 73
[96/100] product_id: 96 2024-01-23T06:24:30.643Z
[96/100] product_id: 96 2024-01-23T06:24:31.890Z store_length: 73
[97/100] product_id: 97 2024-01-23T06:24:34.313Z
[97/100] product_id: 97 2024-01-23T06:24:36.178Z store_length: 73
[98/100] product_id: 98 2024-01-23T06:24:38.542Z
[98/100] product_id: 98 2024-01-23T06:24:39.900Z store_length: 73
[99/100] product_id: 99 2024-01-23T06:24:42.491Z
[99/100] product_id: 99 2024-01-23T06:24:43.756Z store_length: 73
[100/100] product_id: 100 2024-01-23T06:24:46.266Z
[100/100] product_id: 100 2024-01-23T06:24:47.420Z store_length: 73
[1/100] product_id: 1 2024-01-23T06:24:49.704Z
[1/100] product_id: 1 2024-01-23T06:24:50.911Z store_length: 73
[2/100] product_id: 2 2024-01-23T06:24:53.295Z
[2/100] product_id: 2 2024-01-23T06:24:54.553Z store_length: 73
[3/100] product_id: 3 2024-01-23T06:24:56.873Z
[3/100] product_id: 3 2024-01-23T06:24:58.043Z store_length: 73
[4/100] product_id: 4 2024-01-23T06:25:00.938Z
[4/100] product_id: 4 2024-01-23T06:25:02.256Z store_length: 73
[5/100] product_id: 5 2024-01-23T06:25:04.870Z
[5/100] product_id: 5 2024-01-23T06:25:06.107Z store_length: 73
[6/100] product_id: 6 2024-01-23T06:25:08.462Z
[6/100] product_id: 6 2024-01-23T06:25:09.800Z store_length: 73
[7/100] product_id: 7 2024-01-23T06:25:12.395Z
[7/100] product_id: 7 2024-01-23T06:25:13.652Z store_length: 73
[8/100] product_id: 8 2024-01-23T06:25:16.279Z
[8/100] product_id: 8 2024-01-23T06:25:17.449Z store_length: 73
[9/100] product_id: 9 2024-01-23T06:25:19.817Z
[9/100] product_id: 9 2024-01-23T06:25:21.064Z store_length: 73
[10/100] product_id: 10 2024-01-23T06:25:23.500Z
[10/100] product_id: 10 2024-01-23T06:25:25.195Z store_length: 73
[11/100] product_id: 11 2024-01-23T06:25:27.859Z
[11/100] product_id: 11 2024-01-23T06:25:29.043Z store_length: 73
[12/100] product_id: 12 2024-01-23T06:25:31.561Z
