[1/1] product_id: 114 2024-01-29T01:42:17.303Z
[1/1] product_id: 114 2024-01-29T01:42:18.854Z store_length: 71
[ERROR] No Store List  setStoreList result: null for product_id:114 2024-01-29T01:42:19.338Z
[1/1] product_id: 114 2024-01-29T01:45:06.352Z
[1/1] product_id: 114 2024-01-29T01:45:07.395Z store_length: 71
[ERROR] No Store List  setStoreList result: null for product_id:114 2024-01-29T01:45:07.578Z
[1/1] product_id: 114 2024-01-29T01:49:35.966Z
[1/1] product_id: 114 2024-01-29T01:49:37.153Z store_length: 71
[ERROR] No Store List  setStoreList result: null for product_id:114 2024-01-29T01:49:37.479Z
[1/1] product_id: 114 2024-01-29T01:51:44.048Z
[1/1] product_id: 114 2024-01-29T01:51:45.017Z store_length: 71
[ERROR] No Store List  setStoreList result: null for product_id:114 2024-01-29T01:51:45.264Z
[1/1] product_id: 114 2024-01-29T01:53:33.753Z
[1/1] product_id: 114 2024-01-29T01:53:34.747Z store_length: 71
[ERROR] No Store List  setStoreList result: null for product_id:114 2024-01-29T01:53:35.057Z
[1/1] product_id: 114 2024-01-29T01:55:09.750Z
[1/1] product_id: 114 2024-01-29T01:55:10.793Z store_length: 71
[1/1] product_id: 114 2024-01-29T01:55:53.123Z
[1/1] product_id: 114 2024-01-29T01:55:54.178Z store_length: 71
[1/1] product_id: 114 2024-01-29T01:57:19.055Z
[1/1] product_id: 114 2024-01-29T01:57:20.093Z store_length: 71
[1/1] product_id: 101 2024-01-29T06:07:28.990Z
[1/1] product_id: 101 2024-01-29T06:07:30.180Z store_length: 38
[ERROR] No Store List  setStoreList result: null for product_id:101 2024-01-29T06:07:30.269Z
[1/1] product_id: 101 2024-01-29T06:14:27.792Z
[1/1] product_id: 101 2024-01-29T06:14:28.742Z store_length: 38
[1/1] product_id: 101 2024-01-29T06:15:47.677Z
[1/1] product_id: 101 2024-01-29T06:15:49.245Z store_length: 38
[1/1] product_id: 110 2024-01-29T06:38:54.014Z
[1/1] product_id: 110 2024-01-29T06:38:54.922Z store_length: 66
[1/1] product_id: 116 2024-01-29T06:56:34.503Z
[1/1] product_id: 116 2024-01-29T06:56:35.621Z store_length: 66
[1/16] product_id: 121 2024-01-29T07:00:03.865Z
[1/16] product_id: 121 2024-01-29T07:00:04.960Z store_length: 73
[2/16] product_id: 122 2024-01-29T07:00:07.314Z
[2/16] product_id: 122 2024-01-29T07:00:08.495Z store_length: 72
[3/16] product_id: 123 2024-01-29T07:00:10.928Z
[3/16] product_id: 123 2024-01-29T07:00:11.765Z store_length: 72
[4/16] product_id: 124 2024-01-29T07:00:14.118Z
[4/16] product_id: 124 2024-01-29T07:00:15.248Z store_length: 74
[5/16] product_id: 125 2024-01-29T07:00:17.592Z
[5/16] product_id: 125 2024-01-29T07:00:18.758Z store_length: 51
[6/16] product_id: 126 2024-01-29T07:00:21.030Z
[6/16] product_id: 126 2024-01-29T07:00:21.986Z store_length: 71
[7/16] product_id: 127 2024-01-29T07:00:24.372Z
[7/16] product_id: 127 2024-01-29T07:00:26.170Z store_length: 74
[8/16] product_id: 128 2024-01-29T07:00:28.581Z
[8/16] product_id: 128 2024-01-29T07:00:29.565Z store_length: 75
[9/16] product_id: 129 2024-01-29T07:00:32.067Z
[9/16] product_id: 129 2024-01-29T07:00:33.067Z store_length: 73
[10/16] product_id: 130 2024-01-29T07:00:35.308Z
[10/16] product_id: 130 2024-01-29T07:00:36.274Z store_length: 75
[11/16] product_id: 131 2024-01-29T07:00:38.907Z
[11/16] product_id: 131 2024-01-29T07:00:39.867Z store_length: 73
[12/16] product_id: 132 2024-01-29T07:00:42.485Z
[12/16] product_id: 132 2024-01-29T07:00:43.403Z store_length: 72
[13/16] product_id: 133 2024-01-29T07:00:45.760Z
[13/16] product_id: 133 2024-01-29T07:00:46.828Z store_length: 80
[14/16] product_id: 134 2024-01-29T07:00:49.146Z
[14/16] product_id: 134 2024-01-29T07:00:50.436Z store_length: 75
[15/16] product_id: 135 2024-01-29T07:00:52.809Z
[15/16] product_id: 135 2024-01-29T07:00:53.831Z store_length: 74
[16/16] product_id: 136 2024-01-29T07:00:56.471Z
[16/16] product_id: 136 2024-01-29T07:00:57.472Z store_length: 52
[1/1] product_id: 101 2024-01-29T07:56:48.647Z
[1/1] product_id: 101 2024-01-29T07:56:50.012Z store_length: 38
[1/1] product_id: 101 2024-01-29T08:31:34.656Z
[1/1] product_id: 101 2024-01-29T08:31:35.715Z store_length: 38
[1/1] product_id: 101 2024-01-29T08:32:05.623Z
[1/1] product_id: 101 2024-01-29T08:32:05.832Z store_length: 2
[ERROR] No Store List  setStoreList result: null for product_id:101 2024-01-29T08:32:06.034Z
[1/1] product_id: 101 2024-01-29T08:35:13.204Z
[1/1] product_id: 101 2024-01-29T08:35:13.484Z store_length: 2
[1/1] product_id: 101 2024-01-29T08:40:23.098Z
[1/1] product_id: 101 2024-01-29T08:40:23.339Z store_length: 2
[1/1] product_id: 101 2024-01-29T08:41:30.576Z
[1/1] product_id: 101 2024-01-29T08:41:31.603Z store_length: 38
[1/1] product_id: 101 2024-01-29T08:41:55.676Z
[1/1] product_id: 101 2024-01-29T08:41:56.138Z store_length: 2
[1/1] product_id: 101 2024-01-29T08:42:37.666Z
[1/1] product_id: 101 2024-01-29T08:42:38.058Z store_length: 2
[1/1] product_id: 101 2024-01-29T08:42:57.590Z
[1/1] product_id: 101 2024-01-29T08:42:58.622Z store_length: 38
[1/1] product_id: 101 2024-01-29T08:43:42.653Z
[1/1] product_id: 101 2024-01-29T08:43:43.115Z store_length: 2
[1/1] product_id: 101 2024-01-29T08:43:56.805Z
[1/1] product_id: 101 2024-01-29T08:43:58.218Z store_length: 38
[1/1] product_id: 102 2024-01-29T08:45:38.437Z
[1/1] product_id: 102 2024-01-29T08:45:51.996Z store_length: 81
[1/1] product_id: 102 2024-01-29T08:46:22.354Z
[1/1] product_id: 102 2024-01-29T08:46:22.597Z store_length: 35
[1/1] product_id: 103 2024-01-29T08:46:31.999Z
[1/1] product_id: 103 2024-01-29T08:46:42.377Z store_length: 39
[1/1] product_id: 103 2024-01-29T08:46:59.062Z
[1/1] product_id: 103 2024-01-29T08:47:00.081Z store_length: 75
[1/1] product_id: 104 2024-01-29T08:47:13.727Z
[1/1] product_id: 104 2024-01-29T08:47:14.704Z store_length: 60
[1/1] product_id: 105 2024-01-29T08:47:25.333Z
[1/1] product_id: 105 2024-01-29T08:47:26.273Z store_length: 56
[1/1] product_id: 106 2024-01-29T08:47:37.306Z
[1/1] product_id: 106 2024-01-29T08:47:39.383Z store_length: 43
[1/1] product_id: 121 2024-01-29T08:47:49.046Z
[1/1] product_id: 121 2024-01-29T08:47:50.178Z store_length: 72
[1/1] product_id: 121 2024-01-29T08:48:02.039Z
[1/1] product_id: 121 2024-01-29T08:48:02.201Z store_length: 36
[1/1] product_id: 121 2024-01-29T08:48:48.028Z
[1/1] product_id: 121 2024-01-29T08:48:49.347Z store_length: 72
[1/1] product_id: 124 2024-01-29T09:07:34.383Z
[1/1] product_id: 124 2024-01-29T09:07:35.574Z store_length: 75
[1/1] product_id: 124 2024-01-29T09:09:56.159Z
[1/1] product_id: 124 2024-01-29T09:09:57.508Z store_length: 75
[1/1] product_id: 101 2024-01-29T09:14:27.541Z
[1/1] product_id: 101 2024-01-29T09:14:28.544Z store_length: 38
[1/1] product_id: 103 2024-01-29T09:44:37.274Z
[1/1] product_id: 103 2024-01-29T09:44:38.526Z store_length: 75
[1/5] product_id: 119 2024-01-29T09:45:15.868Z
[1/5] product_id: 119 2024-01-29T09:45:17.043Z store_length: 93
[2/5] product_id: 125 2024-01-29T09:45:19.296Z
[2/5] product_id: 125 2024-01-29T09:45:20.297Z store_length: 51
[3/5] product_id: 133 2024-01-29T09:45:22.543Z
[3/5] product_id: 133 2024-01-29T09:45:23.763Z store_length: 80
[4/5] product_id: 137 2024-01-29T09:45:26.327Z
[4/5] product_id: 137 2024-01-29T09:45:27.230Z store_length: 75
[5/5] product_id: 142 2024-01-29T09:45:29.459Z
[5/5] product_id: 142 2024-01-29T09:45:30.353Z store_length: 75
[1/1] product_id: 139 2024-01-29T09:45:47.036Z
[1/1] product_id: 139 2024-01-29T09:45:48.191Z store_length: 73
[1/1] product_id: 125 2024-01-29T09:59:03.505Z
[1/1] product_id: 125 2024-01-29T09:59:04.650Z store_length: 51
[1/1] product_id: 125 2024-01-29T09:59:36.446Z
[1/1] product_id: 125 2024-01-29T09:59:37.629Z store_length: 51
[1/1] product_id: 125 2024-01-29T10:02:37.633Z
[1/1] product_id: 125 2024-01-29T10:02:38.506Z store_length: 51
[1/1] product_id: 125 2024-01-29T10:02:54.948Z
[1/1] product_id: 125 2024-01-29T10:02:56.266Z store_length: 51
[1/1] product_id: 125 2024-01-29T10:03:26.743Z
[1/1] product_id: 125 2024-01-29T10:03:27.934Z store_length: 51
[1/1] product_id: 121 2024-01-29T10:08:20.336Z
[1/1] product_id: 121 2024-01-29T10:08:21.514Z store_length: 72
[1/1] product_id: 121 2024-01-29T10:10:22.785Z
[1/1] product_id: 121 2024-01-29T10:10:23.993Z store_length: 72
[1/1] product_id: 121 2024-01-29T10:12:17.611Z
[1/1] product_id: 121 2024-01-29T10:12:18.665Z store_length: 72
[1/1] product_id: 133 2024-01-29T10:12:52.172Z
[1/1] product_id: 133 2024-01-29T10:12:53.657Z store_length: 80
[1/1] product_id: 404 2024-03-12T06:42:58.292Z
[ERROR] getStoreList getItemscoutStoreList Error 
	getProxyData Error Request failed with status code 400
[1/1] product_id: 404 2024-03-12T06:43:45.428Z
[ERROR] getStoreList getItemscoutStoreList Error 
	getProxyData Error http://34.64.180.61:3001, NaN
[1/1] product_id: 404 2024-03-12T06:45:17.160Z
[ERROR] getStoreList getItemscoutStoreList Error 
	getProxyData Error http://34.64.180.61:3001[object Object], NaN
[1/1] product_id: 404 2024-03-12T06:45:35.253Z
[ERROR] getStoreList getItemscoutStoreList Error 
	getProxyData Error http://34.64.180.61:3001https://api.itemscout.io/api/v2/keyword/products?kid=408529177&type=total, NaN
[1/1] product_id: 404 2024-03-12T06:58:24.334Z
[ERROR] getStoreList getItemscoutStoreList Error 
	getProxyData Error http://34.64.180.61:3001, https://api.itemscout.io/api/v2/keyword/products?kid=408529177&type=total, NaN
[1/1] product_id: 404 2024-03-12T06:58:50.086Z
[ERROR] getStoreList getItemscoutStoreList Error 
	getProxyData Error http://34.64.180.61:3001, https://api.itemscout.io/api/v2/keyword/products?kid=408529177&type=total, NaN
[1/1] product_id: 404 2024-03-12T07:00:22.446Z
[1/1] product_id: 404 2024-03-12T07:01:39.850Z
[1/1] product_id: 404 2024-03-12T07:01:44.497Z store_length: 75
[1/1] product_id: 404 2024-03-12T07:03:30.766Z
[1/1] product_id: 404 2024-03-12T07:03:33.034Z store_length: 75
[1/1] product_id: 404 2024-03-12T07:07:55.434Z
[1/1] product_id: 404 2024-03-12T07:07:56.736Z store_length: 75
[1/1] product_id: 404 2024-03-12T07:42:43.575Z
[1/1] product_id: 404 2024-03-12T07:42:44.978Z store_length: 75
[1/1] product_id: 404 2024-03-12T09:54:10.122Z
[1/1] product_id: 404 2024-03-12T09:54:15.395Z store_length: 116
[ERROR] No Store List  setStoreList result: null for product_id:404 2024-03-12T09:54:15.489Z
[1/1] product_id: 404 2024-03-12T09:56:49.887Z
[1/1] product_id: 404 2024-03-12T09:56:55.049Z store_length: 116
[ERROR] No Store List  setStoreList result: null for product_id:404 2024-03-12T09:56:55.082Z
[1/1] product_id: 404 2024-03-12T09:57:39.065Z
[1/1] product_id: 404 2024-03-12T09:57:43.755Z store_length: 76
[ERROR] No Store List  setStoreList result: null for product_id:404 2024-03-12T09:57:44.218Z
[1/1] product_id: 404 2024-03-12T09:58:51.072Z
[1/1] product_id: 404 2024-03-12T09:58:54.185Z store_length: 76
[1/1] product_id: 404 2024-03-13T02:41:30.613Z
[1/1] product_id: 404 2024-03-13T02:41:34.613Z store_length: 76
[1/1] product_id: 404 2024-03-13T02:47:14.240Z
[1/1] product_id: 404 2024-03-13T02:47:17.978Z store_length: 76
[1/1] product_id: 142 2024-03-13T02:49:07.366Z
[1/1] product_id: 142 2024-03-13T02:49:11.340Z store_length: 76
