$ ts-node getNaverCatalogImageList.ts 
   [1/884] product_id:1 image length : 0
   [2/884] product_id:2 image length : 42
   [3/884] product_id:6 image length : 44
   [4/884] product_id:10 image length : 0
   [5/884] product_id:20 image length : 0
   [6/884] product_id:25 image length : 41
   [7/884] product_id:28 image length : 0
   [8/884] product_id:29 image length : 2
   [9/884] product_id:34 image length : 31
  [10/884] product_id:35 image length : 0
  [11/884] product_id:37 image length : 27
  [12/884] product_id:42 image length : 36
  [13/884] product_id:48 image length : 41
  [14/884] product_id:55 image length : 1
  [15/884] product_id:56 image length : 0
  [16/884] product_id:57 image length : 42
  [17/884] product_id:58 image length : 57
  [18/884] product_id:59 image length : 40
  [19/884] product_id:61 image length : 35
  [20/884] product_id:63 image length : 24
  [21/884] product_id:66 image length : 40
  [22/884] product_id:72 image length : 0
  [23/884] product_id:78 image length : 4
  [24/884] product_id:79 image length : 42
  [25/884] product_id:83 image length : 13
  [26/884] product_id:87 image length : 0
  [27/884] product_id:88 image length : 0
  [28/884] product_id:89 image length : 2
  [29/884] product_id:90 image length : 33
  [30/884] product_id:91 image length : 26
  [31/884] product_id:98 image length : 3
  [32/884] product_id:99 image length : 33
  [33/884] product_id:107 image length : 0
  [34/884] product_id:117 image length : 0
  [35/884] product_id:121 image length : 25
  [36/884] product_id:123 image length : 0
  [37/884] product_id:124 image length : 15
  [38/884] product_id:132 image length : 0
  [39/884] product_id:133 image length : 0
  [40/884] product_id:143 image length : 0
  [41/884] product_id:144 image length : 31
  [42/884] product_id:151 image length : 36
  [43/884] product_id:153 image length : 43
  [44/884] product_id:156 image length : 18
  [45/884] product_id:159 image length : 10
  [46/884] product_id:167 image length : 30
  [47/884] product_id:174 image length : 0
  [48/884] product_id:175 image length : 34
  [49/884] product_id:180 image length : 13
  [50/884] product_id:182 image length : 54
  [51/884] product_id:195 image length : 0
  [52/884] product_id:202 image length : 18
  [53/884] product_id:204 image length : 31
  [54/884] product_id:206 image length : 5
  [55/884] product_id:214 image length : 0
  [56/884] product_id:225 image length : 0
  [57/884] product_id:234 image length : 0
  [58/884] product_id:236 image length : 44
  [59/884] product_id:243 image length : 34
  [60/884] product_id:250 image length : 50
  [61/884] product_id:252 image length : 36
  [62/884] product_id:253 image length : 48
  [63/884] product_id:261 image length : 51
  [64/884] product_id:263 image length : 23
  [65/884] product_id:266 image length : 0
  [66/884] product_id:271 image length : 35
  [67/884] product_id:273 image length : 53
  [68/884] product_id:279 image length : 2
  [69/884] product_id:280 image length : 38
  [70/884] product_id:283 image length : 45
  [71/884] product_id:289 image length : 26
  [72/884] product_id:292 image length : 0
  [73/884] product_id:295 image length : 14
  [74/884] product_id:313 image length : 0
  [75/884] product_id:328 image length : 26
  [76/884] product_id:344 image length : 0
  [77/884] product_id:346 image length : 1
  [78/884] product_id:349 image length : 23
  [79/884] product_id:351 image length : 0
  [80/884] product_id:92132 image length : 0
  [81/884] product_id:6851 image length : 50
  [82/884] product_id:11985 image length : 0
  [83/884] product_id:75055 image length : 35
  [84/884] product_id:370 image length : 51
  [85/884] product_id:371 image length : 43
  [86/884] product_id:382 image length : 41
  [87/884] product_id:387 image length : 2
  [88/884] product_id:405 image length : 27
  [89/884] product_id:408 image length : 44
  [90/884] product_id:413 image length : 4
  [91/884] product_id:415 image length : 56
  [92/884] product_id:420 image length : 38
  [93/884] product_id:429 image length : 43
  [94/884] product_id:440 image length : 46
  [95/884] product_id:452 image length : 21
  [96/884] product_id:461 image length : 0
  [97/884] product_id:463 image length : 41
  [98/884] product_id:476 image length : 19
  [99/884] product_id:497 image length : 25
 [100/884] product_id:498 image length : 4
 [101/884] product_id:501 image length : 33
 [102/884] product_id:506 image length : 18
 [103/884] product_id:516 image length : 36
 [104/884] product_id:533 image length : 0
 [105/884] product_id:545 image length : 29
 [106/884] product_id:546 image length : 39
 [107/884] product_id:547 image length : 47
 [108/884] product_id:561 image length : 36
 [109/884] product_id:584 image length : 62
 [110/884] product_id:639 image length : 43
 [111/884] product_id:641 image length : 0
 [112/884] product_id:663 image length : 37
 [113/884] product_id:683 image length : 48
 [114/884] product_id:694 image length : 39
 [115/884] product_id:712 image length : 6
 [116/884] product_id:718 image length : 27
 [117/884] product_id:721 image length : 14
 [118/884] product_id:722 image length : 5
 [119/884] product_id:723 image length : 5
 [120/884] product_id:736 image length : 0
 [121/884] product_id:738 image length : 0
 [122/884] product_id:739 image length : 0
 [123/884] product_id:756 image length : 0
 [124/884] product_id:790 image length : 24
 [125/884] product_id:796 image length : 47
 [126/884] product_id:799 image length : 31
 [127/884] product_id:808 image length : 18
 [128/884] product_id:822 image length : 38
 [129/884] product_id:859 image length : 11
 [130/884] product_id:877 image length : 29
 [131/884] product_id:878 image length : 34
 [132/884] product_id:880 image length : 39
 [133/884] product_id:881 image length : 55
 [134/884] product_id:885 image length : 40
 [135/884] product_id:900 image length : 45
 [136/884] product_id:904 image length : 33
 [137/884] product_id:906 image length : 41
 [138/884] product_id:914 image length : 35
 [139/884] product_id:946 image length : 30
 [140/884] product_id:968 image length : 17
 [141/884] product_id:970 image length : 24
 [142/884] product_id:973 image length : 33
 [143/884] product_id:988 image length : 48
 [144/884] product_id:993 image length : 34
 [145/884] product_id:1019 image length : 39
 [146/884] product_id:1022 image length : 48
 [147/884] product_id:1027 image length : 18
 [148/884] product_id:1031 image length : 2
 [149/884] product_id:1034 image length : 49
 [150/884] product_id:1041 image length : 37
 [151/884] product_id:1046 image length : 7
 [152/884] product_id:1057 image length : 24
 [153/884] product_id:1069 image length : 0
 [154/884] product_id:1076 image length : 0
 [155/884] product_id:1086 image length : 0
 [156/884] product_id:1097 image length : 20
 [157/884] product_id:1123 image length : 22
 [158/884] product_id:1138 image length : 41
 [159/884] product_id:1150 image length : 33
 [160/884] product_id:1178 image length : 41
 [161/884] product_id:1201 image length : 0
 [162/884] product_id:1209 image length : 18
 [163/884] product_id:1234 image length : 53
 [164/884] product_id:1240 image length : 33
 [165/884] product_id:1274 image length : 0
 [166/884] product_id:1312 image length : 67
 [167/884] product_id:1571 image length : 0
 [168/884] product_id:1584 image length : 40
 [169/884] product_id:1633 image length : 0
 [170/884] product_id:1637 image length : 40
 [171/884] product_id:1687 image length : 7
 [172/884] product_id:1743 image length : 38
 [173/884] product_id:1748 image length : 40
 [174/884] product_id:1756 image length : 0
 [175/884] product_id:1789 image length : 24
 [176/884] product_id:1790 image length : 0
 [177/884] product_id:1796 image length : 44
 [178/884] product_id:1800 image length : 20
 [179/884] product_id:1820 image length : 14
 [180/884] product_id:1928 image length : 24
 [181/884] product_id:1991 image length : 44
 [182/884] product_id:2044 image length : 0
 [183/884] product_id:2056 image length : 39
 [184/884] product_id:2125 image length : 35
 [185/884] product_id:2164 image length : 12
 [186/884] product_id:2179 image length : 31
 [187/884] product_id:2188 image length : 31
 [188/884] product_id:2304 image length : 25
 [189/884] product_id:10856 image length : 21
 [190/884] product_id:2338 image length : 38
 [191/884] product_id:2364 image length : 21
 [192/884] product_id:2481 image length : 51
 [193/884] product_id:2523 image length : 63
 [194/884] product_id:2543 image length : 24
 [195/884] product_id:2560 image length : 0
 [196/884] product_id:2579 image length : 25
 [197/884] product_id:2587 image length : 9
 [198/884] product_id:2601 image length : 30
 [199/884] product_id:2604 image length : 32
 [200/884] product_id:2631 image length : 24
 [201/884] product_id:2649 image length : 38
 [202/884] product_id:2669 image length : 33
 [203/884] product_id:2727 image length : 28
 [204/884] product_id:2825 image length : 68
 [205/884] product_id:2849 image length : 27
 [206/884] product_id:2876 image length : 36
 [207/884] product_id:2896 image length : 54
 [208/884] product_id:2952 image length : 62
 [209/884] product_id:2992 image length : 40
 [210/884] product_id:3036 image length : 41
 [211/884] product_id:3043 image length : 58
 [212/884] product_id:3066 image length : 41
 [213/884] product_id:3069 image length : 0
 [214/884] product_id:3094 image length : 42
 [215/884] product_id:3122 image length : 30
 [216/884] product_id:356 image length : 2
 [217/884] product_id:89411 image length : 34
 [218/884] product_id:4848 image length : 12
 [219/884] product_id:7993 image length : 33
 [220/884] product_id:5951 image length : 44
 [221/884] product_id:57806 image length : 0
 [222/884] product_id:22080 image length : 2
 [223/884] product_id:17099 image length : 0
 [224/884] product_id:25954 image length : 11
 [225/884] product_id:26055 image length : 0
 [226/884] product_id:6815 image length : 21
 [227/884] product_id:13770 image length : 33
 [228/884] product_id:13504 image length : 12
 [229/884] product_id:4190 image length : 32
 [230/884] product_id:19060 image length : 34
 [231/884] product_id:12450 image length : 23
 [232/884] product_id:8486 image length : 39
 [233/884] product_id:87698 image length : 0
 [234/884] product_id:6856 image length : 0
 [235/884] product_id:8409 image length : 38
 [236/884] product_id:10337 image length : 14
 [237/884] product_id:5237 image length : 50
 [238/884] product_id:3756 image length : 0
 [239/884] product_id:5987 image length : 17
 [240/884] product_id:13045 image length : 0
 [241/884] product_id:16011 image length : 34
 [242/884] product_id:6439 image length : 0
 [243/884] product_id:9978 image length : 5
 [244/884] product_id:7247 image length : 36
 [245/884] product_id:11163 image length : 0
 [246/884] product_id:6512 image length : 42
 [247/884] product_id:27046 image length : 0
 [248/884] product_id:3601 image length : 20
 [249/884] product_id:86120 image length : 73
 [250/884] product_id:11084 image length : 0
 [251/884] product_id:14864 image length : 46
 [252/884] product_id:85921 image length : 0
 [253/884] product_id:57815 image length : 0
 [254/884] product_id:3143 image length : 36
 [255/884] product_id:3145 image length : 40
 [256/884] product_id:3166 image length : 128
 [257/884] product_id:3211 image length : 43
 [258/884] product_id:3213 image length : 36
 [259/884] product_id:3248 image length : 0
 [260/884] product_id:3252 image length : 29
 [261/884] product_id:3264 image length : 37
 [262/884] product_id:3265 image length : 55
 [263/884] product_id:3358 image length : 45
 [264/884] product_id:3360 image length : 0
 tkarn@DESKTOP-249G0SS MINGW64 /c/_projects/야기야기/product-crawling 
(main)
$ ts-node getNaverCatalogImageList.ts
 [264/884] product_id:3360 image length : 0
 [265/884] product_id:3368 image length : 43
 [266/884] product_id:3371 image length : 46
 [267/884] product_id:3375 image length : 34
 [268/884] product_id:3443 image length : 38
 [269/884] product_id:3450 image length : 29
 [270/884] product_id:3463 image length : 26
 [271/884] product_id:3472 image length : 41
 [272/884] product_id:3491 image length : 23
 [273/884] product_id:3494 image length : 55
 [274/884] product_id:3518 image length : 52
 [275/884] product_id:3528 image length : 35
 [276/884] product_id:3569 image length : 0
 [277/884] product_id:20945 image length : 26
 [278/884] product_id:3649 image length : 44
 [279/884] product_id:3686 image length : 40
 [280/884] product_id:34106 image length : 0
 [281/884] product_id:3818 image length : 63
 [282/884] product_id:3826 image length : 38
 [283/884] product_id:3851 image length : 33
 [284/884] product_id:3872 image length : 34
 [285/884] product_id:35748 image length : 31
 [286/884] product_id:3887 image length : 49
 [287/884] product_id:3904 image length : 27
 [288/884] product_id:17431 image length : 33
 [289/884] product_id:3970 image length : 20
 [290/884] product_id:3980 image length : 44
 [291/884] product_id:14409 image length : 3
 [292/884] product_id:5279 image length : 64
 [293/884] product_id:75199 image length : 21
 [294/884] product_id:4023 image length : 59
 [295/884] product_id:4075 image length : 0
 [296/884] product_id:4117 image length : 19
 [297/884] product_id:4120 image length : 41
 [298/884] product_id:4133 image length : 19
 [299/884] product_id:4173 image length : 48
 [300/884] product_id:4175 image length : 40
 [301/884] product_id:4211 image length : 31
 [302/884] product_id:4232 image length : 21
 [303/884] product_id:4236 image length : 50
 [304/884] product_id:4319 image length : 0
 [305/884] product_id:4431 image length : 38
 [306/884] product_id:4458 image length : 45
 [307/884] product_id:4488 image length : 20
 [308/884] product_id:4499 image length : 3
 [309/884] product_id:4589 image length : 0
 [310/884] product_id:4701 image length : 5
 [311/884] product_id:4736 image length : 0
 [312/884] product_id:4767 image length : 44
 [313/884] product_id:4823 image length : 30
 [314/884] product_id:4869 image length : 41
 [315/884] product_id:4891 image length : 0
 [316/884] product_id:4941 image length : 59
 [317/884] product_id:92094 image length : 2
 [318/884] product_id:4984 image length : 63
 [319/884] product_id:4986 image length : 44
 [320/884] product_id:5000 image length : 47
 [321/884] product_id:5006 image length : 34
 [322/884] product_id:5010 image length : 36
 [323/884] product_id:5011 image length : 37
 [324/884] product_id:5014 image length : 0
 [325/884] product_id:5023 image length : 0
 [326/884] product_id:5038 image length : 34
 [327/884] product_id:5054 image length : 44
 [328/884] product_id:5060 image length : 26
 [329/884] product_id:5074 image length : 29
 [330/884] product_id:5091 image length : 43
 [331/884] product_id:5092 image length : 0
 [332/884] product_id:5120 image length : 25
 [333/884] product_id:5127 image length : 25
 [334/884] product_id:5144 image length : 2
 [335/884] product_id:5175 image length : 25
 [336/884] product_id:5235 image length : 22
 [337/884] product_id:5334 image length : 0
 [338/884] product_id:5338 image length : 23
 [339/884] product_id:5355 image length : 8
 [340/884] product_id:5404 image length : 58
 [341/884] product_id:5479 image length : 31
 [342/884] product_id:5484 image length : 7
 [343/884] product_id:5515 image length : 44
 [344/884] product_id:5584 image length : 20
 [345/884] product_id:5604 image length : 34
 [346/884] product_id:5639 image length : 45
 [347/884] product_id:5671 image length : 0
 [348/884] product_id:5676 image length : 19
 [349/884] product_id:5701 image length : 37
 [350/884] product_id:5715 image length : 38
 [351/884] product_id:5716 image length : 29
 [352/884] product_id:5729 image length : 0
 [353/884] product_id:5731 image length : 42
 [354/884] product_id:5735 image length : 26
 [355/884] product_id:5764 image length : 25
 [356/884] product_id:5771 image length : 34
 [357/884] product_id:5783 image length : 40
 [358/884] product_id:5806 image length : 35
 [359/884] product_id:5831 image length : 31
 [360/884] product_id:5905 image length : 41
 [361/884] product_id:5907 image length : 0
 [362/884] product_id:5915 image length : 0
 [363/884] product_id:5923 image length : 28
 [364/884] product_id:6003 image length : 0
 [365/884] product_id:6007 image length : 29
 [366/884] product_id:6063 image length : 32
 [367/884] product_id:6106 image length : 10
 [368/884] product_id:6124 image length : 0
 [369/884] product_id:6142 image length : 37
 [370/884] product_id:6154 image length : 40
 [371/884] product_id:6175 image length : 0
 [372/884] product_id:85231 image length : 17
 [373/884] product_id:57811 image length : 44
 [374/884] product_id:43246 image length : 12
 [375/884] product_id:24862 image length : 0
 [376/884] product_id:22300 image length : 0
 [377/884] product_id:20549 image length : 0
 [378/884] product_id:15310 image length : 27
 [379/884] product_id:14223 image length : 43
 [380/884] product_id:11314 image length : 37
 [381/884] product_id:11319 image length : 35
 [382/884] product_id:11334 image length : 2
 [383/884] product_id:11369 image length : 34
 [384/884] product_id:11391 image length : 16
 [385/884] product_id:11400 image length : 40
 [386/884] product_id:11404 image length : 0
 [387/884] product_id:11416 image length : 13
 [388/884] product_id:11436 image length : 30
 [389/884] product_id:11454 image length : 0
 [390/884] product_id:11520 image length : 32
 [391/884] product_id:11541 image length : 25
 [392/884] product_id:11578 image length : 0
 [393/884] product_id:11604 image length : 31
 [394/884] product_id:11618 image length : 6
 [395/884] product_id:11629 image length : 18
 [396/884] product_id:11644 image length : 22
 [397/884] product_id:11655 image length : 25
 [398/884] product_id:11672 image length : 40
 [399/884] product_id:11692 image length : 0
 [400/884] product_id:11699 image length : 30
 [401/884] product_id:11708 image length : 49
 [402/884] product_id:11718 image length : 18
 [403/884] product_id:11721 image length : 28
 [404/884] product_id:11740 image length : 32
 [405/884] product_id:11781 image length : 38
 [406/884] product_id:71889 image length : 0
 [407/884] product_id:20520 image length : 28
 [408/884] product_id:37545 image length : 22
 [409/884] product_id:39039 image length : 20
 [410/884] product_id:12546 image length : 24
 [411/884] product_id:9949 image length : 5
 [412/884] product_id:87528 image length : 31
 [413/884] product_id:37706 image length : 27
 [414/884] product_id:14118 image length : 16
 [415/884] product_id:23655 image length : 31
 [416/884] product_id:14146 image length : 27
 [417/884] product_id:10326 image length : 22
 [418/884] product_id:12758 image length : 22
 [419/884] product_id:18056 image length : 29
 [420/884] product_id:6450 image length : 29
 [421/884] product_id:57797 image length : 24
 [422/884] product_id:7339 image length : 28
 [423/884] product_id:8042 image length : 24
 [424/884] product_id:8549 image length : 0
 [425/884] product_id:24712 image length : 15
 [426/884] product_id:11179 image length : 18
 [427/884] product_id:7782 image length : 19
 [428/884] product_id:9558 image length : 25
 [429/884] product_id:8599 image length : 31
 [430/884] product_id:21397 image length : 36
 [431/884] product_id:8286 image length : 18
 [432/884] product_id:33417 image length : 26
 [433/884] product_id:32726 image length : 20
 [434/884] product_id:16129 image length : 0
 [435/884] product_id:6286 image length : 27
 [436/884] product_id:6298 image length : 31
 [437/884] product_id:6299 image length : 17
 [438/884] product_id:6305 image length : 27
 [439/884] product_id:6306 image length : 2
 [440/884] product_id:6307 image length : 43
 [441/884] product_id:6312 image length : 31
 [442/884] product_id:6319 image length : 21
 [443/884] product_id:6379 image length : 55
 [444/884] product_id:6403 image length : 7
 [445/884] product_id:6432 image length : 43
 [446/884] product_id:6443 image length : 0
 [447/884] product_id:6536 image length : 47
 [448/884] product_id:6549 image length : 54
 [449/884] product_id:6554 image length : 2
 [450/884] product_id:6575 image length : 41
 [451/884] product_id:6579 image length : 34
 [452/884] product_id:6582 image length : 0
 [453/884] product_id:91969 image length : 30
 [454/884] product_id:6587 image length : 16
 [455/884] product_id:6614 image length : 6
 [456/884] product_id:6621 image length : 38
 [457/884] product_id:6665 image length : 34
 [458/884] product_id:6688 image length : 20
 [459/884] product_id:6704 image length : 0
 [460/884] product_id:6717 image length : 0
 [461/884] product_id:6718 image length : 2
 [462/884] product_id:6733 image length : 0
 [463/884] product_id:6757 image length : 24
 [464/884] product_id:6797 image length : 0
 [465/884] product_id:6820 image length : 31
 [466/884] product_id:6829 image length : 24
 [467/884] product_id:6842 image length : 38
 [468/884] product_id:6859 image length : 37
 [469/884] product_id:6865 image length : 14
 [470/884] product_id:6869 image length : 35
 [471/884] product_id:6908 image length : 0
 [472/884] product_id:6923 image length : 45


tkarn@DESKTOP-249G0SS MINGW64 /c/_projects/야기야기/product-crawling 
(main)
$ ts-node getNaverCatalogImageList.ts 
 [473/884] product_id:6985 image length : 27
 [474/884] product_id:7003 image length : 0
 [475/884] product_id:7029 image length : 0
 [476/884] product_id:7052 image length : 0
 [477/884] product_id:7053 image length : 21
 [478/884] product_id:7058 image length : 32
 [479/884] product_id:7065 image length : 44
 [480/884] product_id:7066 image length : 24
 [481/884] product_id:7067 image length : 21
 [482/884] product_id:7072 image length : 0
 [483/884] product_id:7089 image length : 20
 [484/884] product_id:7100 image length : 0
 [485/884] product_id:7090 image length : 67
 [486/884] product_id:7103 image length : 40
 [487/884] product_id:7107 image length : 65
 [488/884] product_id:7136 image length : 31
 [489/884] product_id:7138 image length : 24
 [490/884] product_id:7154 image length : 24
 [491/884] product_id:7176 image length : 24
 [492/884] product_id:7203 image length : 3
 [493/884] product_id:7215 image length : 25
 [494/884] product_id:7225 image length : 30
 [495/884] product_id:7187 image length : 0
 [496/884] product_id:7242 image length : 35
 [497/884] product_id:7252 image length : 0
 [498/884] product_id:7285 image length : 27
 [499/884] product_id:7289 image length : 0
 [500/884] product_id:7294 image length : 51
 [501/884] product_id:7308 image length : 0
 [502/884] product_id:7314 image length : 27
 [503/884] product_id:7324 image length : 34
 [504/884] product_id:7332 image length : 2
 [505/884] product_id:7349 image length : 5
 [506/884] product_id:7372 image length : 22
 [507/884] product_id:7400 image length : 9
 [508/884] product_id:7447 image length : 0
 [509/884] product_id:7478 image length : 25
 [510/884] product_id:7490 image length : 47
 [511/884] product_id:7500 image length : 10
 [512/884] product_id:7518 image length : 19
 [513/884] product_id:7530 image length : 0
 [514/884] product_id:7534 image length : 0
 [515/884] product_id:7540 image length : 75
 [516/884] product_id:7453 image length : 14
 [517/884] product_id:7590 image length : 33
 [518/884] product_id:7602 image length : 40
 [519/884] product_id:7629 image length : 34
 [520/884] product_id:7644 image length : 0
 [521/884] product_id:7674 image length : 0
 [522/884] product_id:7680 image length : 0
 [523/884] product_id:7726 image length : 40
 [524/884] product_id:7743 image length : 0
 [525/884] product_id:7744 image length : 45
 [526/884] product_id:7776 image length : 34
 [527/884] product_id:7801 image length : 20
 [528/884] product_id:7810 image length : 39
 [529/884] product_id:7854 image length : 28
 [530/884] product_id:7860 image length : 27
 [531/884] product_id:7864 image length : 33
 [532/884] product_id:7871 image length : 0
 [533/884] product_id:7874 image length : 33
 [534/884] product_id:7880 image length : 55
 [535/884] product_id:7884 image length : 0
 [536/884] product_id:7889 image length : 39
 [537/884] product_id:7898 image length : 18
 [538/884] product_id:7907 image length : 27
 [539/884] product_id:7955 image length : 26
 [540/884] product_id:7957 image length : 36
 [541/884] product_id:7959 image length : 27
 [542/884] product_id:7983 image length : 0
 [543/884] product_id:8001 image length : 33
 [544/884] product_id:8008 image length : 0
 [545/884] product_id:8011 image length : 37
 [546/884] product_id:8038 image length : 33
 [547/884] product_id:8079 image length : 0
 [548/884] product_id:8090 image length : 17
 [549/884] product_id:9003 image length : 26
 [550/884] product_id:23835 image length : 0
 [551/884] product_id:8207 image length : 44
 [552/884] product_id:14825 image length : 25
 [553/884] product_id:28026 image length : 0
 [554/884] product_id:12500 image length : 21
 [555/884] product_id:91055 image length : 38
 [556/884] product_id:36235 image length : 25
 [557/884] product_id:27586 image length : 0
 [558/884] product_id:29453 image length : 0
 [559/884] product_id:8253 image length : 18
 [560/884] product_id:70263 image length : 11
 [561/884] product_id:74964 image length : 20
 [562/884] product_id:92054 image length : 4
 [563/884] product_id:88073 image length : 19
 [564/884] product_id:34068 image length : 20
 [565/884] product_id:57791 image length : 40
 [566/884] product_id:27513 image length : 0
 [567/884] product_id:57860 image length : 17
 [568/884] product_id:10987 image length : 18
 [569/884] product_id:10694 image length : 21
 [570/884] product_id:65 image length : 14
 [571/884] product_id:9649 image length : 0
 [572/884] product_id:3315 image length : 68
 [573/884] product_id:3627 image length : 45
 [574/884] product_id:4834 image length : 15
 [575/884] product_id:9567 image length : 16
 [576/884] product_id:23732 image length : 0
 [577/884] product_id:19482 image length : 33
 [578/884] product_id:12764 image length : 0
 [579/884] product_id:57844 image length : 35
 [580/884] product_id:16036 image length : 0
 [581/884] product_id:25653 image length : 0
 [582/884] product_id:24636 image length : 0
 [583/884] product_id:8598 image length : 0
 [584/884] product_id:35839 image length : 10
 [585/884] product_id:14946 image length : 0
 [586/884] product_id:20588 image length : 32
 [587/884] product_id:34100 image length : 13
 [588/884] product_id:9178 image length : 25
 [589/884] product_id:35836 image length : 13
 [590/884] product_id:73802 image length : 20
 [591/884] product_id:10090 image length : 20
 [592/884] product_id:18658 image length : 3
 [593/884] product_id:24907 image length : 0
 [594/884] product_id:8775 image length : 0
 [595/884] product_id:13248 image length : 31
 [596/884] product_id:18732 image length : 0
 [597/884] product_id:57816 image length : 4
 [598/884] product_id:24038 image length : 0
 [599/884] product_id:17417 image length : 18
 [600/884] product_id:22439 image length : 0
 [601/884] product_id:9706 image length : 2
 [602/884] product_id:11847 image length : 36
 [603/884] product_id:12724 image length : 0
 [604/884] product_id:34390 image length : 13
 [605/884] product_id:25054 image length : 0
 [606/884] product_id:14076 image length : 8
 [607/884] product_id:19698 image length : 0
 [608/884] product_id:38061 image length : 23
 [609/884] product_id:9606 image length : 41
 [610/884] product_id:9379 image length : 18
 [611/884] product_id:38318 image length : 0
 [612/884] product_id:16580 image length : 44
 [613/884] product_id:39718 image length : 32
 [614/884] product_id:34953 image length : 34
 [615/884] product_id:10722 image length : 64
 [616/884] product_id:10723 image length : 64
 [617/884] product_id:27217 image length : 0
 [618/884] product_id:12856 image length : 0
 [619/884] product_id:89439 image length : 26
 [620/884] product_id:57809 image length : 31
 [621/884] product_id:10921 image length : 42
 [622/884] product_id:22594 image length : 3
 [623/884] product_id:19249 image length : 2
 [624/884] product_id:36396 image length : 33
 [625/884] product_id:28717 image length : 0
 [626/884] product_id:8694 image length : 32
 [627/884] product_id:11237 image length : 39
 [628/884] product_id:35849 image length : 25
 [629/884] product_id:10571 image length : 0
 [630/884] product_id:17216 image length : 0
 [631/884] product_id:28206 image length : 0
 [632/884] product_id:13833 image length : 13
 [633/884] product_id:23355 image length : 0
 [634/884] product_id:21261 image length : 22
 [635/884] product_id:13458 image length : 35
 [636/884] product_id:37556 image length : 0
 [637/884] product_id:8412 image length : 12
 [638/884] product_id:34360 image length : 0
 [639/884] product_id:73704 image length : 11
 [640/884] product_id:13321 image length : 0
 [641/884] product_id:21382 image length : 32
 [642/884] product_id:34363 image length : 27
 [643/884] product_id:27337 image length : 8
 [644/884] product_id:57817 image length : 0
 [645/884] product_id:27735 image length : 0
 [646/884] product_id:10714 image length : 0
 [647/884] product_id:12723 image length : 30
 [648/884] product_id:12347 image length : 0
 [649/884] product_id:8531 image length : 50
 [650/884] product_id:12241 image length : 39
 [651/884] product_id:12570 image length : 0
 [652/884] product_id:18544 image length : 0
 [653/884] product_id:31395 image length : 14
 [654/884] product_id:8249 image length : 0
 [655/884] product_id:57798 image length : 37
 [656/884] product_id:18241 image length : 0
 [657/884] product_id:27324 image length : 20
 [658/884] product_id:57825 image length : 21
 [659/884] product_id:9037 image length : 37
 [660/884] product_id:38797 image length : 39
 [661/884] product_id:10291 image length : 15
 [662/884] product_id:16685 image length : 3
 [663/884] product_id:23946 image length : 0
 [664/884] product_id:36205 image length : 0
 [665/884] product_id:57803 image length : 15
 [666/884] product_id:8994 image length : 10
 [667/884] product_id:57834 image length : 0
 [668/884] product_id:15981 image length : 18
 [669/884] product_id:15833 image length : 29
 [670/884] product_id:8309 image length : 0
 [671/884] product_id:70519 image length : 0
 [672/884] product_id:9482 image length : 49
 [673/884] product_id:8264 image length : 41
 [674/884] product_id:8133 image length : 18
 [675/884] product_id:22684 image length : 0
 [676/884] product_id:21830 image length : 0
 [677/884] product_id:57799 image length : 16
 [678/884] product_id:24169 image length : 20
 [679/884] product_id:18503 image length : 9
 [680/884] product_id:34356 image length : 10
 [681/884] product_id:8291 image length : 30
 [682/884] product_id:13651 image length : 0
 [683/884] product_id:21861 image length : 39
 [684/884] product_id:17770 image length : 16
 [685/884] product_id:12397 image length : 15
 [686/884] product_id:19028 image length : 0
 [687/884] product_id:11122 image length : 0
 [688/884] product_id:8823 image length : 46
 [689/884] product_id:17618 image length : 21
 [690/884] product_id:20473 image length : 0
 [691/884] product_id:70553 image length : 28
 [692/884] product_id:38503 image length : 2
 [693/884] product_id:29308 image length : 0
 [694/884] product_id:36124 image length : 13
 [695/884] product_id:17337 image length : 0
 [696/884] product_id:8377 image length : 0
 [697/884] product_id:8836 image length : 26
 [698/884] product_id:9330 image length : 2
 [699/884] product_id:22022 image length : 0
 [700/884] product_id:10234 image length : 42
 [701/884] product_id:9463 image length : 36
 [702/884] product_id:24901 image length : 15
 [703/884] product_id:8507 image length : 0
 [704/884] product_id:13022 image length : 43
 [705/884] product_id:10335 image length : 20
 [706/884] product_id:12346 image length : 31
 [707/884] product_id:38312 image length : 11
 [708/884] product_id:34355 image length : 0
 [709/884] product_id:10504 image length : 0
 [710/884] product_id:57821 image length : 11
 [711/884] product_id:17193 image length : 26
 [712/884] product_id:57804 image length : 33
 [713/884] product_id:10254 image length : 20
 [714/884] product_id:42945 image length : 12
 [715/884] product_id:16414 image length : 0
 [716/884] product_id:34203 image length : 59
 [717/884] product_id:9352 image length : 12
 [718/884] product_id:57807 image length : 37
 [719/884] product_id:9879 image length : 0
 [720/884] product_id:9880 image length : 0
 [721/884] product_id:8968 image length : 0
 [722/884] product_id:18208 image length : 33
 [723/884] product_id:10822 image length : 44
 [724/884] product_id:16351 image length : 40
 [725/884] product_id:9177 image length : 42
 [726/884] product_id:88206 image length : 30
 [727/884] product_id:88414 image length : 36
 [728/884] product_id:17758 image length : 31
 [729/884] product_id:15540 image length : 47
 [730/884] product_id:91027 image length : 36
 [731/884] product_id:10704 image length : 47
 [732/884] product_id:34425 image length : 20
 [733/884] product_id:13929 image length : 16
 [734/884] product_id:24590 image length : 0
 [735/884] product_id:88240 image length : 32
 [736/884] product_id:87731 image length : 37
 [737/884] product_id:41074 image length : 0
 [738/884] product_id:10034 image length : 35
 [739/884] product_id:57855 image length : 0
 [740/884] product_id:39775 image length : 19
 [741/884] product_id:26700 image length : 0
 [742/884] product_id:41326 image length : 8
 [743/884] product_id:34080 image length : 26
 [744/884] product_id:10385 image length : 34
 [745/884] product_id:57780 image length : 17
 [746/884] product_id:34519 image length : 26
 [747/884] product_id:15841 image length : 26
 [748/884] product_id:28563 image length : 19
 [749/884] product_id:15081 image length : 25
 [750/884] product_id:36142 image length : 0
 [751/884] product_id:57813 image length : 36
 [752/884] product_id:20718 image length : 18
 [753/884] product_id:19870 image length : 0
 [754/884] product_id:41570 image length : 56
 [755/884] product_id:57835 image length : 21
 [756/884] product_id:18098 image length : 23
 [757/884] product_id:15547 image length : 58
 [758/884] product_id:25028 image length : 0
 [759/884] product_id:23754 image length : 0
 [760/884] product_id:15701 image length : 20
 [761/884] product_id:9298 image length : 23
 [762/884] product_id:9225 image length : 38
 [763/884] product_id:9120 image length : 38
 [764/884] product_id:8460 image length : 34
 [765/884] product_id:10353 image length : 24
 [766/884] product_id:15080 image length : 23
 [767/884] product_id:14589 image length : 18
 [768/884] product_id:12237 image length : 22
 [769/884] product_id:19568 image length : 0
 [770/884] product_id:28635 image length : 0
 [771/884] product_id:8721 image length : 30
 [772/884] product_id:8683 image length : 31
 [773/884] product_id:12370 image length : 36
 [774/884] product_id:9441 image length : 21
 [775/884] product_id:18865 image length : 20
 [776/884] product_id:6482 image length : 0
 [777/884] product_id:9977 image length : 2
 [778/884] product_id:17343 image length : 0
 [779/884] product_id:10149 image length : 25
 [780/884] product_id:25182 image length : 0
 [781/884] product_id:13289 image length : 15
 [782/884] product_id:20927 image length : 19
 [783/884] product_id:9041 image length : 0
 [784/884] product_id:9071 image length : 29
 [785/884] product_id:14678 image length : 19
 [786/884] product_id:8189 image length : 5
 [787/884] product_id:25218 image length : 0
 [788/884] product_id:8413 image length : 10
 [789/884] product_id:6686 image length : 32
 [790/884] product_id:13684 image length : 31
 [791/884] product_id:16515 image length : 19
 [792/884] product_id:15848 image length : 19
 [793/884] product_id:14757 image length : 2
 [794/884] product_id:8283 image length : 16
 [795/884] product_id:8481 image length : 30
 [796/884] product_id:9587 image length : 25
 [797/884] product_id:13020 image length : 14
 [798/884] product_id:35105 image length : 18
 [799/884] product_id:13717 image length : 26
 [800/884] product_id:23857 image length : 0
 [801/884] product_id:14003 image length : 0
 [802/884] product_id:19082 image length : 21
 [803/884] product_id:12601 image length : 6
 [804/884] product_id:34850 image length : 0
 [805/884] product_id:35129 image length : 0
 [806/884] product_id:25474 image length : 1
 [807/884] product_id:34111 image length : 2
 [808/884] product_id:26560 image length : 0
 [809/884] product_id:18940 image length : 0
 [810/884] product_id:30343 image length : 0
 [811/884] product_id:8963 image length : 101
 [812/884] product_id:37184 image length : 44
 [813/884] product_id:19198 image length : 0
 [814/884] product_id:9632 image length : 2
 [815/884] product_id:34171 image length : 45
 [816/884] product_id:23507 image length : 14
 [817/884] product_id:9609 image length : 36
 [818/884] product_id:90075 image length : 29
 [819/884] product_id:87012 image length : 25
 [820/884] product_id:57843 image length : 54
 [821/884] product_id:3785 image length : 25
 [822/884] product_id:37396 image length : 26
 [823/884] product_id:54608 image length : 39
 [824/884] product_id:23966 image length : 21
 [825/884] product_id:29255 image length : 0
 [826/884] product_id:39933 image length : 31
 [827/884] product_id:8974 image length : 30
 [828/884] product_id:12617 image length : 19
 [829/884] product_id:17897 image length : 4
 [830/884] product_id:9327 image length : 21
 [831/884] product_id:8975 image length : 16
 [832/884] product_id:12923 image length : 34
 [833/884] product_id:19699 image length : 0
 [834/884] product_id:34090 image length : 11
 [835/884] product_id:10030 image length : 0
 [836/884] product_id:9898 image length : 6
 [837/884] product_id:15910 image length : 2
 [838/884] product_id:29565 image length : 29
 [839/884] product_id:15866 image length : 0
 [840/884] product_id:13622 image length : 12
 [841/884] product_id:27307 image length : 10
 [842/884] product_id:10529 image length : 18
 [843/884] product_id:41983 image length : 36
 [844/884] product_id:19049 image length : 0
 [845/884] product_id:13007 image length : 35
 [846/884] product_id:21399 image length : 45
 [847/884] product_id:23550 image length : 0
 [848/884] product_id:8167 image length : 31
 [849/884] product_id:70455 image length : 17
 [850/884] product_id:10226 image length : 25
 [851/884] product_id:17456 image length : 0
 [852/884] product_id:57852 image length : 0
 [853/884] product_id:15840 image length : 26
 [854/884] product_id:17379 image length : 0
 [855/884] product_id:13928 image length : 17
 [856/884] product_id:21408 image length : 0
 [857/884] product_id:14627 image length : 0
 [858/884] product_id:26129 image length : 0
 [859/884] product_id:12020 image length : 0
 [860/884] product_id:39531 image length : 39
 [861/884] product_id:19362 image length : 13
 [862/884] product_id:33066 image length : 28
 [863/884] product_id:34187 image length : 0
 [864/884] product_id:34543 image length : 11
 [865/884] product_id:15997 image length : 38
 [866/884] product_id:9970 image length : 0
 [867/884] product_id:9045 image length : 20
 [868/884] product_id:34824 image length : 13
 [869/884] product_id:24317 image length : 32
 [870/884] product_id:10725 image length : 34
 [871/884] product_id:16128 image length : 0
 [872/884] product_id:35876 image length : 27
 [873/884] product_id:23681 image length : 0
 [874/884] product_id:14753 image length : 0
 [875/884] product_id:16261 image length : 7
 [876/884] product_id:12449 image length : 23
 [877/884] product_id:24440 image length : 20
 [878/884] product_id:12348 image length : 27
 [879/884] product_id:37549 image length : 0
 [880/884] product_id:10211 image length : 32
 [881/884] product_id:8239 image length : 32
 [882/884] product_id:24605 image length : 0
 [883/884] product_id:17771 image length : 0
 [884/884] product_id:35374 image length : 27